SP-[1] Epoch: 1/1400 | Time: 0m06s (Train 0m05s  Val 0m01s) | Train: LR 0.010000000000000002  Loss 0.75  Acc 25.12% | Val: Loss nan  Acc(top1) 16.12% | HA 0.00@0

SP-[1] Epoch: 2/1400 | Time: 0m05s (Train 0m05s  Val 0m00s) | Train: LR 0.010000000000000002  Loss 0.60  Acc 32.09% | Val: Loss inf  Acc(top1) 54.95% | HA 0.00@0

SP-[1] Epoch: 3/1400 | Time: 0m05s (Train 0m05s  Val 0m00s) | Train: LR 0.010000000000000002  Loss 0.53  Acc 50.12% | Val: Loss -0.20  Acc(top1) 55.31% | HA 0.00@0

SP-[1] Epoch: 4/1400 | Time: 0m05s (Train 0m05s  Val 0m00s) | Train: LR 0.010000000000000002  Loss 0.51  Acc 50.96% | Val: Loss -0.20  Acc(top1) 55.31% | HA 0.00@0

SP-[1] Epoch: 5/1400 | Time: 0m05s (Train 0m05s  Val 0m00s) | Train: LR 0.010000000000000002  Loss 0.50  Acc 50.36% | Val: Loss -0.20  Acc(top1) 55.31% | HA 0.00@0

SP-[1] Epoch: 6/1400 | Time: 0m05s (Train 0m05s  Val 0m00s) | Train: LR 0.010000000000000002  Loss 0.50  Acc 50.12% | Val: Loss -0.20  Acc(top1) 55.31% | HA 0.00@0

SP-[1] Epoch: 7/1400 | Time: 0m05s (Train 0m05s  Val 0m00s) | Train: LR 0.010000000000000002  Loss 0.49  Acc 51.68% | Val: Loss -0.20  Acc(top1) 55.31% | HA 0.00@0

SP-[1] Epoch: 8/1400 | Time: 0m05s (Train 0m05s  Val 0m00s) | Train: LR 0.010000000000000002  Loss 0.47  Acc 50.84% | Val: Loss -0.20  Acc(top1) 55.31% | HA 0.00@0

SP-[1] Epoch: 9/1400 | Time: 0m05s (Train 0m05s  Val 0m00s) | Train: LR 0.010000000000000002  Loss 0.47  Acc 49.76% | Val: Loss -0.19  Acc(top1) 54.95% | HA 0.00@0

SP-[1] Epoch: 10/1400 | Time: 0m05s (Train 0m05s  Val 0m00s) | Train: LR 0.010000000000000002  Loss 0.45  Acc 48.68% | Val: Loss -0.19  Acc(top1) 54.58% | HA 0.00@0

SP-[1] Epoch: 11/1400 | Time: 0m05s (Train 0m05s  Val 0m00s) | Train: LR 0.1  Loss 0.35  Acc 59.01% | Val: Loss nan  Acc(top1) 65.20% | HA 0.00@0

SP-[1] Epoch: 12/1400 | Time: 0m05s (Train 0m05s  Val 0m00s) | Train: LR 0.1  Loss 0.29  Acc 63.94% | Val: Loss nan  Acc(top1) 75.46% | HA 0.00@0

SP-[1] Epoch: 13/1400 | Time: 0m05s (Train 0m05s  Val 0m00s) | Train: LR 0.1  Loss 0.27  Acc 72.84% | Val: Loss nan  Acc(top1) 77.66% | HA 0.00@0

SP-[1] Epoch: 14/1400 | Time: 0m05s (Train 0m05s  Val 0m00s) | Train: LR 0.1  Loss 0.25  Acc 73.92% | Val: Loss nan  Acc(top1) 83.15% | HA 0.00@0

SP-[1] Epoch: 15/1400 | Time: 0m05s (Train 0m05s  Val 0m00s) | Train: LR 0.1  Loss 0.25  Acc 70.07% | Val: Loss nan  Acc(top1) 83.52% | HA 0.00@0

SP-[1] Epoch: 16/1400 | Time: 0m05s (Train 0m05s  Val 0m00s) | Train: LR 0.1  Loss 0.25  Acc 70.31% | Val: Loss nan  Acc(top1) 84.25% | HA 0.00@0

SP-[1] Epoch: 17/1400 | Time: 0m05s (Train 0m05s  Val 0m00s) | Train: LR 0.1  Loss 0.26  Acc 69.59% | Val: Loss nan  Acc(top1) 82.78% | HA 0.00@0

SP-[1] Epoch: 18/1400 | Time: 0m05s (Train 0m05s  Val 0m00s) | Train: LR 0.1  Loss 0.25  Acc 70.31% | Val: Loss nan  Acc(top1) 85.35% | HA 0.00@0

SP-[1] Epoch: 19/1400 | Time: 0m05s (Train 0m05s  Val 0m00s) | Train: LR 0.1  Loss 0.25  Acc 73.80% | Val: Loss nan  Acc(top1) 80.22% | HA 0.00@0

SP-[1] Epoch: 20/1400 | Time: 0m05s (Train 0m05s  Val 0m00s) | Train: LR 0.1  Loss 0.25  Acc 70.55% | Val: Loss nan  Acc(top1) 81.32% | HA 0.00@0

SP-[1] Epoch: 21/1400 | Time: 0m05s (Train 0m05s  Val 0m00s) | Train: LR 0.1  Loss 0.24  Acc 73.32% | Val: Loss nan  Acc(top1) 83.52% | HA 0.00@0

SP-[1] Epoch: 22/1400 | Time: 0m05s (Train 0m05s  Val 0m00s) | Train: LR 0.1  Loss 0.24  Acc 73.80% | Val: Loss nan  Acc(top1) 84.62% | HA 0.00@0

SP-[1] Epoch: 23/1400 | Time: 0m05s (Train 0m05s  Val 0m00s) | Train: LR 0.1  Loss 0.22  Acc 74.28% | Val: Loss nan  Acc(top1) 84.25% | HA 0.00@0

SP-[1] Epoch: 24/1400 | Time: 0m05s (Train 0m05s  Val 0m00s) | Train: LR 0.1  Loss 0.23  Acc 71.51% | Val: Loss nan  Acc(top1) 84.98% | HA 0.00@0

SP-[1] Epoch: 25/1400 | Time: 0m05s (Train 0m05s  Val 0m00s) | Train: LR 0.1  Loss 0.24  Acc 75.00% | Val: Loss nan  Acc(top1) 83.88% | HA 0.00@0

SP-[1] Epoch: 26/1400 | Time: 0m05s (Train 0m05s  Val 0m00s) | Train: LR 0.1  Loss 0.22  Acc 75.00% | Val: Loss nan  Acc(top1) 80.22% | HA 0.00@0

SP-[1] Epoch: 27/1400 | Time: 0m05s (Train 0m05s  Val 0m00s) | Train: LR 0.1  Loss 0.23  Acc 72.24% | Val: Loss nan  Acc(top1) 81.32% | HA 0.00@0

SP-[1] Epoch: 28/1400 | Time: 0m05s (Train 0m05s  Val 0m00s) | Train: LR 0.1  Loss 0.23  Acc 72.24% | Val: Loss nan  Acc(top1) 81.32% | HA 0.00@0

SP-[1] Epoch: 29/1400 | Time: 0m05s (Train 0m05s  Val 0m00s) | Train: LR 0.1  Loss 0.23  Acc 73.80% | Val: Loss nan  Acc(top1) 83.52% | HA 0.00@0

SP-[1] Epoch: 30/1400 | Time: 0m05s (Train 0m05s  Val 0m00s) | Train: LR 0.1  Loss 0.22  Acc 72.36% | Val: Loss nan  Acc(top1) 81.32% | HA 0.00@0

SP-[1] Epoch: 31/1400 | Time: 0m05s (Train 0m05s  Val 0m00s) | Train: LR 0.1  Loss 0.22  Acc 75.84% | Val: Loss nan  Acc(top1) 80.95% | HA 0.00@0

SP-[1] Epoch: 32/1400 | Time: 0m05s (Train 0m05s  Val 0m00s) | Train: LR 0.1  Loss 0.23  Acc 75.12% | Val: Loss nan  Acc(top1) 83.88% | HA 0.00@0

SP-[1] Epoch: 33/1400 | Time: 0m05s (Train 0m05s  Val 0m00s) | Train: LR 0.1  Loss 0.23  Acc 72.72% | Val: Loss nan  Acc(top1) 84.25% | HA 0.00@0

SP-[1] Epoch: 34/1400 | Time: 0m05s (Train 0m05s  Val 0m00s) | Train: LR 0.1  Loss 0.22  Acc 73.80% | Val: Loss nan  Acc(top1) 81.32% | HA 0.00@0

SP-[1] Epoch: 35/1400 | Time: 0m05s (Train 0m05s  Val 0m00s) | Train: LR 0.1  Loss 0.22  Acc 75.36% | Val: Loss nan  Acc(top1) 81.68% | HA 0.00@0

SP-[1] Epoch: 36/1400 | Time: 0m05s (Train 0m05s  Val 0m00s) | Train: LR 0.1  Loss 0.23  Acc 72.24% | Val: Loss nan  Acc(top1) 84.25% | HA 0.00@0

SP-[1] Epoch: 37/1400 | Time: 0m05s (Train 0m05s  Val 0m00s) | Train: LR 0.1  Loss 0.23  Acc 74.16% | Val: Loss nan  Acc(top1) 84.62% | HA 0.00@0

SP-[1] Epoch: 38/1400 | Time: 0m05s (Train 0m05s  Val 0m00s) | Train: LR 0.1  Loss 0.23  Acc 74.40% | Val: Loss nan  Acc(top1) 87.55% | HA 0.00@0

SP-[1] Epoch: 39/1400 | Time: 0m05s (Train 0m05s  Val 0m00s) | Train: LR 0.1  Loss 0.21  Acc 75.48% | Val: Loss nan  Acc(top1) 81.32% | HA 0.00@0

SP-[1] Epoch: 40/1400 | Time: 0m05s (Train 0m05s  Val 0m00s) | Train: LR 0.1  Loss 0.23  Acc 71.03% | Val: Loss nan  Acc(top1) 81.68% | HA 0.00@0

SP-[1] Epoch: 41/1400 | Time: 0m05s (Train 0m05s  Val 0m00s) | Train: LR 0.1  Loss 0.21  Acc 74.88% | Val: Loss nan  Acc(top1) 83.52% | HA 0.00@0

SP-[1] Epoch: 42/1400 | Time: 0m05s (Train 0m05s  Val 0m00s) | Train: LR 0.1  Loss 0.22  Acc 75.12% | Val: Loss nan  Acc(top1) 83.52% | HA 0.00@0

SP-[1] Epoch: 43/1400 | Time: 0m05s (Train 0m05s  Val 0m00s) | Train: LR 0.1  Loss 0.22  Acc 72.48% | Val: Loss nan  Acc(top1) 85.35% | HA 0.00@0

SP-[1] Epoch: 44/1400 | Time: 0m05s (Train 0m05s  Val 0m00s) | Train: LR 0.1  Loss 0.21  Acc 73.92% | Val: Loss nan  Acc(top1) 84.25% | HA 0.00@0

SP-[1] Epoch: 45/1400 | Time: 0m05s (Train 0m05s  Val 0m00s) | Train: LR 0.1  Loss 0.21  Acc 72.72% | Val: Loss nan  Acc(top1) 84.62% | HA 0.00@0

SP-[1] Epoch: 46/1400 | Time: 0m05s (Train 0m05s  Val 0m00s) | Train: LR 0.1  Loss 0.23  Acc 72.84% | Val: Loss nan  Acc(top1) 85.35% | HA 0.00@0

SP-[1] Epoch: 47/1400 | Time: 0m05s (Train 0m05s  Val 0m00s) | Train: LR 0.1  Loss 0.21  Acc 74.40% | Val: Loss nan  Acc(top1) 85.71% | HA 0.00@0

SP-[1] Epoch: 48/1400 | Time: 0m05s (Train 0m05s  Val 0m00s) | Train: LR 0.1  Loss 0.22  Acc 72.96% | Val: Loss nan  Acc(top1) 84.62% | HA 0.00@0

SP-[1] Epoch: 49/1400 | Time: 0m05s (Train 0m05s  Val 0m00s) | Train: LR 0.1  Loss 0.22  Acc 72.96% | Val: Loss nan  Acc(top1) 82.42% | HA 0.00@0

SP-[1] Epoch: 50/1400 | Time: 0m05s (Train 0m05s  Val 0m00s) | Train: LR 0.1  Loss 0.21  Acc 76.08% | Val: Loss nan  Acc(top1) 84.25% | HA 0.00@0

SP-[1] Epoch: 51/1400 | Time: 0m05s (Train 0m05s  Val 0m00s) | Train: LR 0.1  Loss 0.22  Acc 74.52% | Val: Loss nan  Acc(top1) 82.05% | HA 0.00@0

SP-[1] Epoch: 52/1400 | Time: 0m05s (Train 0m05s  Val 0m00s) | Train: LR 0.1  Loss 0.21  Acc 74.04% | Val: Loss nan  Acc(top1) 85.35% | HA 0.00@0

SP-[1] Epoch: 53/1400 | Time: 0m05s (Train 0m05s  Val 0m00s) | Train: LR 0.1  Loss 0.22  Acc 73.08% | Val: Loss nan  Acc(top1) 86.08% | HA 0.00@0

SP-[1] Epoch: 54/1400 | Time: 0m05s (Train 0m05s  Val 0m00s) | Train: LR 0.1  Loss 0.21  Acc 73.80% | Val: Loss nan  Acc(top1) 85.35% | HA 0.00@0

SP-[1] Epoch: 55/1400 | Time: 0m05s (Train 0m05s  Val 0m00s) | Train: LR 0.1  Loss 0.22  Acc 71.51% | Val: Loss nan  Acc(top1) 82.78% | HA 0.00@0

SP-[1] Epoch: 56/1400 | Time: 0m05s (Train 0m05s  Val 0m00s) | Train: LR 0.1  Loss 0.23  Acc 73.92% | Val: Loss nan  Acc(top1) 86.45% | HA 0.00@0

SP-[1] Epoch: 57/1400 | Time: 0m05s (Train 0m05s  Val 0m00s) | Train: LR 0.1  Loss 0.22  Acc 73.32% | Val: Loss nan  Acc(top1) 87.18% | HA 0.00@0

SP-[1] Epoch: 58/1400 | Time: 0m05s (Train 0m05s  Val 0m00s) | Train: LR 0.1  Loss 0.21  Acc 75.24% | Val: Loss nan  Acc(top1) 86.45% | HA 0.00@0

SP-[1] Epoch: 59/1400 | Time: 0m05s (Train 0m05s  Val 0m00s) | Train: LR 0.1  Loss 0.23  Acc 75.48% | Val: Loss nan  Acc(top1) 85.71% | HA 0.00@0

SP-[1] Epoch: 60/1400 | Time: 0m05s (Train 0m05s  Val 0m00s) | Train: LR 0.1  Loss 0.21  Acc 76.08% | Val: Loss nan  Acc(top1) 85.35% | HA 0.00@0

SP-[1] Epoch: 61/1400 | Time: 0m05s (Train 0m05s  Val 0m00s) | Train: LR 0.1  Loss 0.21  Acc 75.72% | Val: Loss nan  Acc(top1) 81.32% | HA 0.00@0

SP-[1] Epoch: 62/1400 | Time: 0m05s (Train 0m05s  Val 0m00s) | Train: LR 0.1  Loss 0.21  Acc 74.04% | Val: Loss nan  Acc(top1) 80.95% | HA 0.00@0

SP-[1] Epoch: 63/1400 | Time: 0m05s (Train 0m05s  Val 0m00s) | Train: LR 0.1  Loss 0.22  Acc 75.48% | Val: Loss nan  Acc(top1) 85.71% | HA 0.00@0

SP-[1] Epoch: 64/1400 | Time: 0m05s (Train 0m05s  Val 0m00s) | Train: LR 0.1  Loss 0.22  Acc 75.00% | Val: Loss nan  Acc(top1) 84.98% | HA 0.00@0

SP-[1] Epoch: 65/1400 | Time: 0m05s (Train 0m05s  Val 0m00s) | Train: LR 0.1  Loss 0.19  Acc 75.60% | Val: Loss nan  Acc(top1) 84.98% | HA 0.00@0

SP-[1] Epoch: 66/1400 | Time: 0m05s (Train 0m05s  Val 0m00s) | Train: LR 0.1  Loss 0.22  Acc 73.92% | Val: Loss nan  Acc(top1) 86.81% | HA 0.00@0

SP-[1] Epoch: 67/1400 | Time: 0m05s (Train 0m05s  Val 0m00s) | Train: LR 0.1  Loss 0.21  Acc 74.04% | Val: Loss nan  Acc(top1) 85.71% | HA 0.00@0

SP-[1] Epoch: 68/1400 | Time: 0m05s (Train 0m05s  Val 0m00s) | Train: LR 0.1  Loss 0.21  Acc 73.56% | Val: Loss nan  Acc(top1) 86.45% | HA 0.00@0

SP-[1] Epoch: 69/1400 | Time: 0m05s (Train 0m05s  Val 0m00s) | Train: LR 0.1  Loss 0.23  Acc 71.88% | Val: Loss nan  Acc(top1) 83.88% | HA 0.00@0

SP-[1] Epoch: 70/1400 | Time: 0m05s (Train 0m05s  Val 0m00s) | Train: LR 0.1  Loss 0.22  Acc 74.40% | Val: Loss nan  Acc(top1) 88.28% | HA 0.00@0

SP-[1] Epoch: 71/1400 | Time: 0m05s (Train 0m05s  Val 0m00s) | Train: LR 0.1  Loss 0.20  Acc 74.40% | Val: Loss nan  Acc(top1) 88.28% | HA 0.00@0

SP-[1] Epoch: 72/1400 | Time: 0m05s (Train 0m05s  Val 0m00s) | Train: LR 0.1  Loss 0.22  Acc 74.88% | Val: Loss nan  Acc(top1) 84.98% | HA 0.00@0

SP-[1] Epoch: 73/1400 | Time: 0m05s (Train 0m05s  Val 0m00s) | Train: LR 0.1  Loss 0.22  Acc 73.32% | Val: Loss nan  Acc(top1) 86.45% | HA 0.00@0

SP-[1] Epoch: 74/1400 | Time: 0m05s (Train 0m05s  Val 0m00s) | Train: LR 0.1  Loss 0.22  Acc 72.84% | Val: Loss nan  Acc(top1) 88.64% | HA 0.00@0

SP-[1] Epoch: 75/1400 | Time: 0m05s (Train 0m05s  Val 0m00s) | Train: LR 0.1  Loss 0.21  Acc 75.96% | Val: Loss nan  Acc(top1) 83.52% | HA 0.00@0

SP-[1] Epoch: 76/1400 | Time: 0m05s (Train 0m05s  Val 0m00s) | Train: LR 0.1  Loss 0.22  Acc 76.44% | Val: Loss nan  Acc(top1) 85.71% | HA 0.00@0

SP-[1] Epoch: 77/1400 | Time: 0m05s (Train 0m05s  Val 0m00s) | Train: LR 0.1  Loss 0.23  Acc 74.40% | Val: Loss nan  Acc(top1) 83.88% | HA 0.00@0

SP-[1] Epoch: 78/1400 | Time: 0m05s (Train 0m05s  Val 0m00s) | Train: LR 0.1  Loss 0.21  Acc 74.16% | Val: Loss nan  Acc(top1) 85.35% | HA 0.00@0

SP-[1] Epoch: 79/1400 | Time: 0m05s (Train 0m05s  Val 0m00s) | Train: LR 0.1  Loss 0.21  Acc 73.80% | Val: Loss nan  Acc(top1) 84.25% | HA 0.00@0

SP-[1] Epoch: 80/1400 | Time: 0m05s (Train 0m05s  Val 0m00s) | Train: LR 0.1  Loss 0.20  Acc 73.68% | Val: Loss nan  Acc(top1) 89.38% | HA 0.00@0

SP-[1] Epoch: 81/1400 | Time: 0m05s (Train 0m05s  Val 0m00s) | Train: LR 0.1  Loss 0.22  Acc 75.84% | Val: Loss nan  Acc(top1) 83.15% | HA 0.00@0

SP-[1] Epoch: 82/1400 | Time: 0m05s (Train 0m05s  Val 0m00s) | Train: LR 0.1  Loss 0.20  Acc 73.80% | Val: Loss nan  Acc(top1) 83.88% | HA 0.00@0

SP-[1] Epoch: 83/1400 | Time: 0m05s (Train 0m05s  Val 0m00s) | Train: LR 0.1  Loss 0.21  Acc 75.24% | Val: Loss nan  Acc(top1) 83.88% | HA 0.00@0

SP-[1] Epoch: 84/1400 | Time: 0m05s (Train 0m05s  Val 0m00s) | Train: LR 0.1  Loss 0.21  Acc 74.40% | Val: Loss nan  Acc(top1) 84.25% | HA 0.00@0

SP-[1] Epoch: 85/1400 | Time: 0m05s (Train 0m05s  Val 0m00s) | Train: LR 0.1  Loss 0.21  Acc 71.51% | Val: Loss nan  Acc(top1) 84.25% | HA 0.00@0

SP-[1] Epoch: 86/1400 | Time: 0m05s (Train 0m05s  Val 0m00s) | Train: LR 0.1  Loss 0.22  Acc 73.68% | Val: Loss nan  Acc(top1) 86.45% | HA 0.00@0

SP-[1] Epoch: 87/1400 | Time: 0m05s (Train 0m05s  Val 0m00s) | Train: LR 0.1  Loss 0.24  Acc 70.43% | Val: Loss nan  Acc(top1) 85.71% | HA 0.00@0

SP-[1] Epoch: 88/1400 | Time: 0m05s (Train 0m05s  Val 0m00s) | Train: LR 0.1  Loss 0.22  Acc 72.00% | Val: Loss nan  Acc(top1) 88.64% | HA 0.00@0

SP-[1] Epoch: 89/1400 | Time: 0m05s (Train 0m05s  Val 0m00s) | Train: LR 0.1  Loss 0.22  Acc 74.16% | Val: Loss nan  Acc(top1) 87.91% | HA 0.00@0

SP-[1] Epoch: 90/1400 | Time: 0m05s (Train 0m05s  Val 0m00s) | Train: LR 0.1  Loss 0.23  Acc 72.24% | Val: Loss nan  Acc(top1) 89.38% | HA 0.00@0

SP-[1] Epoch: 91/1400 | Time: 0m05s (Train 0m05s  Val 0m00s) | Train: LR 0.1  Loss 0.20  Acc 76.56% | Val: Loss nan  Acc(top1) 88.28% | HA 0.00@0

SP-[1] Epoch: 92/1400 | Time: 0m05s (Train 0m05s  Val 0m00s) | Train: LR 0.1  Loss 0.21  Acc 74.76% | Val: Loss nan  Acc(top1) 88.28% | HA 0.00@0

SP-[1] Epoch: 93/1400 | Time: 0m05s (Train 0m05s  Val 0m00s) | Train: LR 0.1  Loss 0.20  Acc 75.60% | Val: Loss nan  Acc(top1) 89.38% | HA 0.00@0

SP-[1] Epoch: 94/1400 | Time: 0m05s (Train 0m05s  Val 0m00s) | Train: LR 0.1  Loss 0.21  Acc 73.32% | Val: Loss nan  Acc(top1) 86.81% | HA 0.00@0

SP-[1] Epoch: 95/1400 | Time: 0m05s (Train 0m05s  Val 0m00s) | Train: LR 0.1  Loss 0.22  Acc 75.24% | Val: Loss nan  Acc(top1) 88.64% | HA 0.00@0

SP-[1] Epoch: 96/1400 | Time: 0m05s (Train 0m05s  Val 0m00s) | Train: LR 0.1  Loss 0.22  Acc 73.80% | Val: Loss nan  Acc(top1) 87.18% | HA 0.00@0

SP-[1] Epoch: 97/1400 | Time: 0m05s (Train 0m05s  Val 0m00s) | Train: LR 0.1  Loss 0.22  Acc 75.00% | Val: Loss nan  Acc(top1) 84.98% | HA 0.00@0

SP-[1] Epoch: 98/1400 | Time: 0m05s (Train 0m05s  Val 0m00s) | Train: LR 0.1  Loss 0.19  Acc 78.97% | Val: Loss nan  Acc(top1) 86.45% | HA 0.00@0

SP-[1] Epoch: 99/1400 | Time: 0m05s (Train 0m05s  Val 0m00s) | Train: LR 0.1  Loss 0.20  Acc 75.36% | Val: Loss nan  Acc(top1) 87.91% | HA 0.00@0

SP-[1] Epoch: 100/1400 | Time: 0m05s (Train 0m05s  Val 0m00s) | Train: LR 0.1  Loss 0.21  Acc 75.72% | Val: Loss nan  Acc(top1) 87.55% | HA 0.00@0

SP-[1] Epoch: 101/1400 | Time: 0m05s (Train 0m05s  Val 0m00s) | Train: LR 0.1  Loss 0.20  Acc 75.12% | Val: Loss nan  Acc(top1) 85.35% | HA 0.00@0

SP-[1] Epoch: 102/1400 | Time: 0m05s (Train 0m05s  Val 0m00s) | Train: LR 0.1  Loss 0.21  Acc 76.56% | Val: Loss nan  Acc(top1) 86.81% | HA 0.00@0

SP-[1] Epoch: 103/1400 | Time: 0m05s (Train 0m05s  Val 0m00s) | Train: LR 0.1  Loss 0.21  Acc 74.40% | Val: Loss nan  Acc(top1) 87.55% | HA 0.00@0

SP-[1] Epoch: 104/1400 | Time: 0m05s (Train 0m05s  Val 0m00s) | Train: LR 0.1  Loss 0.22  Acc 74.40% | Val: Loss nan  Acc(top1) 89.74% | HA 0.00@0

SP-[1] Epoch: 105/1400 | Time: 0m05s (Train 0m05s  Val 0m00s) | Train: LR 0.1  Loss 0.21  Acc 76.32% | Val: Loss nan  Acc(top1) 89.38% | HA 0.00@0

SP-[1] Epoch: 106/1400 | Time: 0m05s (Train 0m05s  Val 0m00s) | Train: LR 0.1  Loss 0.22  Acc 73.80% | Val: Loss nan  Acc(top1) 87.91% | HA 0.00@0

SP-[1] Epoch: 107/1400 | Time: 0m05s (Train 0m05s  Val 0m00s) | Train: LR 0.1  Loss 0.22  Acc 74.52% | Val: Loss nan  Acc(top1) 86.45% | HA 0.00@0

SP-[1] Epoch: 108/1400 | Time: 0m05s (Train 0m05s  Val 0m00s) | Train: LR 0.1  Loss 0.21  Acc 74.88% | Val: Loss nan  Acc(top1) 86.81% | HA 0.00@0

SP-[1] Epoch: 109/1400 | Time: 0m05s (Train 0m05s  Val 0m00s) | Train: LR 0.1  Loss 0.22  Acc 73.20% | Val: Loss nan  Acc(top1) 85.71% | HA 0.00@0

SP-[1] Epoch: 110/1400 | Time: 0m05s (Train 0m05s  Val 0m00s) | Train: LR 0.1  Loss 0.22  Acc 71.63% | Val: Loss nan  Acc(top1) 84.98% | HA 0.00@0

SP-[1] Epoch: 111/1400 | Time: 0m05s (Train 0m05s  Val 0m00s) | Train: LR 0.1  Loss 0.22  Acc 78.61% | Val: Loss nan  Acc(top1) 83.88% | HA 0.00@0

SP-[1] Epoch: 112/1400 | Time: 0m05s (Train 0m05s  Val 0m00s) | Train: LR 0.1  Loss 0.21  Acc 75.72% | Val: Loss nan  Acc(top1) 85.35% | HA 0.00@0

SP-[1] Epoch: 113/1400 | Time: 0m05s (Train 0m05s  Val 0m00s) | Train: LR 0.1  Loss 0.21  Acc 75.60% | Val: Loss nan  Acc(top1) 88.28% | HA 0.00@0

SP-[1] Epoch: 114/1400 | Time: 0m05s (Train 0m05s  Val 0m00s) | Train: LR 0.1  Loss 0.21  Acc 78.12% | Val: Loss nan  Acc(top1) 87.91% | HA 0.00@0

SP-[1] Epoch: 115/1400 | Time: 0m05s (Train 0m05s  Val 0m00s) | Train: LR 0.1  Loss 0.23  Acc 71.88% | Val: Loss nan  Acc(top1) 87.91% | HA 0.00@0

SP-[1] Epoch: 116/1400 | Time: 0m05s (Train 0m05s  Val 0m00s) | Train: LR 0.1  Loss 0.22  Acc 73.32% | Val: Loss nan  Acc(top1) 84.62% | HA 0.00@0

SP-[1] Epoch: 117/1400 | Time: 0m05s (Train 0m05s  Val 0m00s) | Train: LR 0.1  Loss 0.21  Acc 74.76% | Val: Loss nan  Acc(top1) 82.42% | HA 0.00@0

SP-[1] Epoch: 118/1400 | Time: 0m05s (Train 0m05s  Val 0m00s) | Train: LR 0.1  Loss 0.22  Acc 71.51% | Val: Loss nan  Acc(top1) 86.45% | HA 0.00@0

SP-[1] Epoch: 119/1400 | Time: 0m05s (Train 0m05s  Val 0m00s) | Train: LR 0.1  Loss 0.21  Acc 76.68% | Val: Loss nan  Acc(top1) 85.35% | HA 0.00@0

SP-[1] Epoch: 120/1400 | Time: 0m05s (Train 0m05s  Val 0m00s) | Train: LR 0.1  Loss 0.21  Acc 74.76% | Val: Loss nan  Acc(top1) 87.91% | HA 0.00@0

SP-[1] Epoch: 121/1400 | Time: 0m05s (Train 0m05s  Val 0m00s) | Train: LR 0.1  Loss 0.20  Acc 75.84% | Val: Loss nan  Acc(top1) 89.01% | HA 0.00@0

SP-[1] Epoch: 122/1400 | Time: 0m05s (Train 0m05s  Val 0m00s) | Train: LR 0.1  Loss 0.21  Acc 75.72% | Val: Loss nan  Acc(top1) 87.18% | HA 0.00@0

SP-[1] Epoch: 123/1400 | Time: 0m05s (Train 0m05s  Val 0m00s) | Train: LR 0.1  Loss 0.21  Acc 75.60% | Val: Loss nan  Acc(top1) 86.45% | HA 0.00@0

SP-[1] Epoch: 124/1400 | Time: 0m05s (Train 0m05s  Val 0m00s) | Train: LR 0.1  Loss 0.20  Acc 75.84% | Val: Loss nan  Acc(top1) 86.81% | HA 0.00@0

SP-[1] Epoch: 125/1400 | Time: 0m05s (Train 0m05s  Val 0m00s) | Train: LR 0.1  Loss 0.20  Acc 77.16% | Val: Loss nan  Acc(top1) 85.35% | HA 0.00@0

SP-[1] Epoch: 126/1400 | Time: 0m05s (Train 0m05s  Val 0m00s) | Train: LR 0.1  Loss 0.19  Acc 76.80% | Val: Loss nan  Acc(top1) 85.35% | HA 0.00@0

SP-[1] Epoch: 127/1400 | Time: 0m05s (Train 0m05s  Val 0m00s) | Train: LR 0.1  Loss 0.22  Acc 72.12% | Val: Loss nan  Acc(top1) 84.98% | HA 0.00@0

SP-[1] Epoch: 128/1400 | Time: 0m05s (Train 0m05s  Val 0m00s) | Train: LR 0.1  Loss 0.22  Acc 74.76% | Val: Loss nan  Acc(top1) 89.01% | HA 0.00@0

SP-[1] Epoch: 129/1400 | Time: 0m05s (Train 0m05s  Val 0m00s) | Train: LR 0.1  Loss 0.22  Acc 73.32% | Val: Loss nan  Acc(top1) 86.45% | HA 0.00@0

SP-[1] Epoch: 130/1400 | Time: 0m05s (Train 0m05s  Val 0m00s) | Train: LR 0.1  Loss 0.21  Acc 78.12% | Val: Loss nan  Acc(top1) 84.98% | HA 0.00@0

SP-[1] Epoch: 131/1400 | Time: 0m05s (Train 0m05s  Val 0m00s) | Train: LR 0.1  Loss 0.20  Acc 73.08% | Val: Loss nan  Acc(top1) 86.45% | HA 0.00@0

SP-[1] Epoch: 132/1400 | Time: 0m05s (Train 0m05s  Val 0m00s) | Train: LR 0.1  Loss 0.20  Acc 77.88% | Val: Loss nan  Acc(top1) 85.71% | HA 0.00@0

SP-[1] Epoch: 133/1400 | Time: 0m05s (Train 0m05s  Val 0m00s) | Train: LR 0.1  Loss 0.19  Acc 75.60% | Val: Loss nan  Acc(top1) 86.81% | HA 0.00@0

SP-[1] Epoch: 134/1400 | Time: 0m05s (Train 0m05s  Val 0m00s) | Train: LR 0.1  Loss 0.21  Acc 73.68% | Val: Loss nan  Acc(top1) 86.81% | HA 0.00@0

SP-[1] Epoch: 135/1400 | Time: 0m05s (Train 0m05s  Val 0m00s) | Train: LR 0.1  Loss 0.21  Acc 77.28% | Val: Loss nan  Acc(top1) 87.18% | HA 0.00@0

SP-[1] Epoch: 136/1400 | Time: 0m05s (Train 0m05s  Val 0m00s) | Train: LR 0.1  Loss 0.21  Acc 75.36% | Val: Loss nan  Acc(top1) 86.08% | HA 0.00@0

SP-[1] Epoch: 137/1400 | Time: 0m05s (Train 0m05s  Val 0m00s) | Train: LR 0.1  Loss 0.21  Acc 73.92% | Val: Loss nan  Acc(top1) 84.62% | HA 0.00@0

SP-[1] Epoch: 138/1400 | Time: 0m05s (Train 0m05s  Val 0m00s) | Train: LR 0.1  Loss 0.19  Acc 78.25% | Val: Loss nan  Acc(top1) 85.71% | HA 0.00@0

SP-[1] Epoch: 139/1400 | Time: 0m05s (Train 0m05s  Val 0m00s) | Train: LR 0.1  Loss 0.21  Acc 72.24% | Val: Loss nan  Acc(top1) 83.88% | HA 0.00@0

SP-[1] Epoch: 140/1400 | Time: 0m05s (Train 0m05s  Val 0m00s) | Train: LR 0.1  Loss 0.22  Acc 73.20% | Val: Loss nan  Acc(top1) 86.08% | HA 0.00@0

SP-[1] Epoch: 141/1400 | Time: 0m05s (Train 0m05s  Val 0m00s) | Train: LR 0.1  Loss 0.23  Acc 75.84% | Val: Loss nan  Acc(top1) 84.62% | HA 0.00@0

SP-[1] Epoch: 142/1400 | Time: 0m05s (Train 0m05s  Val 0m00s) | Train: LR 0.1  Loss 0.21  Acc 75.36% | Val: Loss nan  Acc(top1) 86.45% | HA 0.00@0

SP-[1] Epoch: 143/1400 | Time: 0m05s (Train 0m05s  Val 0m00s) | Train: LR 0.1  Loss 0.22  Acc 74.40% | Val: Loss nan  Acc(top1) 86.81% | HA 0.00@0

SP-[1] Epoch: 144/1400 | Time: 0m05s (Train 0m05s  Val 0m00s) | Train: LR 0.1  Loss 0.21  Acc 75.36% | Val: Loss nan  Acc(top1) 83.52% | HA 0.00@0

SP-[1] Epoch: 145/1400 | Time: 0m05s (Train 0m05s  Val 0m00s) | Train: LR 0.1  Loss 0.21  Acc 73.56% | Val: Loss nan  Acc(top1) 87.55% | HA 0.00@0

SP-[1] Epoch: 146/1400 | Time: 0m05s (Train 0m05s  Val 0m00s) | Train: LR 0.1  Loss 0.21  Acc 74.88% | Val: Loss nan  Acc(top1) 87.91% | HA 0.00@0

SP-[1] Epoch: 147/1400 | Time: 0m05s (Train 0m05s  Val 0m00s) | Train: LR 0.1  Loss 0.20  Acc 76.32% | Val: Loss nan  Acc(top1) 87.18% | HA 0.00@0

SP-[1] Epoch: 148/1400 | Time: 0m05s (Train 0m05s  Val 0m00s) | Train: LR 0.1  Loss 0.21  Acc 75.60% | Val: Loss nan  Acc(top1) 85.71% | HA 0.00@0

SP-[1] Epoch: 149/1400 | Time: 0m05s (Train 0m05s  Val 0m00s) | Train: LR 0.1  Loss 0.21  Acc 75.48% | Val: Loss nan  Acc(top1) 87.55% | HA 0.00@0

SP-[1] Epoch: 150/1400 | Time: 0m05s (Train 0m05s  Val 0m00s) | Train: LR 0.1  Loss 0.22  Acc 74.64% | Val: Loss nan  Acc(top1) 87.55% | HA 0.00@0

SP-[1] Epoch: 151/1400 | Time: 0m05s (Train 0m05s  Val 0m00s) | Train: LR 0.1  Loss 0.20  Acc 73.56% | Val: Loss nan  Acc(top1) 88.28% | HA 0.00@0

save model:sp_ai_model_3Classes_hacc{}_valacc_{}_tracc_{}_{}th_epoch.pt, bestAcc:91.20879364013672, ValAcc:91.20879364013672-TrAcc73.4375-@152
SP-[1] Epoch: 152/1400 | Time: 0m05s (Train 0m05s  Val 0m00s) | Train: LR 0.1  Loss 0.22  Acc 73.44% | Val: Loss nan  Acc(top1) 91.21% | HA 91.21@152

SP-[1] Epoch: 153/1400 | Time: 0m05s (Train 0m05s  Val 0m00s) | Train: LR 0.1  Loss 0.21  Acc 73.20% | Val: Loss nan  Acc(top1) 87.18% | HA 91.21@152

SP-[1] Epoch: 154/1400 | Time: 0m05s (Train 0m05s  Val 0m00s) | Train: LR 0.1  Loss 0.22  Acc 75.24% | Val: Loss nan  Acc(top1) 82.78% | HA 91.21@152

SP-[1] Epoch: 155/1400 | Time: 0m05s (Train 0m05s  Val 0m00s) | Train: LR 0.1  Loss 0.19  Acc 76.20% | Val: Loss nan  Acc(top1) 84.25% | HA 91.21@152

SP-[1] Epoch: 156/1400 | Time: 0m05s (Train 0m05s  Val 0m00s) | Train: LR 0.1  Loss 0.21  Acc 74.04% | Val: Loss nan  Acc(top1) 87.91% | HA 91.21@152

SP-[1] Epoch: 157/1400 | Time: 0m05s (Train 0m05s  Val 0m00s) | Train: LR 0.1  Loss 0.20  Acc 75.48% | Val: Loss nan  Acc(top1) 89.38% | HA 91.21@152

SP-[1] Epoch: 158/1400 | Time: 0m05s (Train 0m05s  Val 0m00s) | Train: LR 0.1  Loss 0.21  Acc 73.80% | Val: Loss nan  Acc(top1) 82.78% | HA 91.21@152

SP-[1] Epoch: 159/1400 | Time: 0m05s (Train 0m05s  Val 0m00s) | Train: LR 0.1  Loss 0.22  Acc 75.48% | Val: Loss nan  Acc(top1) 83.15% | HA 91.21@152

SP-[1] Epoch: 160/1400 | Time: 0m05s (Train 0m05s  Val 0m00s) | Train: LR 0.1  Loss 0.21  Acc 76.20% | Val: Loss nan  Acc(top1) 85.71% | HA 91.21@152

SP-[1] Epoch: 161/1400 | Time: 0m05s (Train 0m05s  Val 0m00s) | Train: LR 0.1  Loss 0.22  Acc 72.96% | Val: Loss nan  Acc(top1) 84.98% | HA 91.21@152

SP-[1] Epoch: 162/1400 | Time: 0m05s (Train 0m05s  Val 0m00s) | Train: LR 0.1  Loss 0.21  Acc 74.28% | Val: Loss nan  Acc(top1) 84.98% | HA 91.21@152

SP-[1] Epoch: 163/1400 | Time: 0m05s (Train 0m05s  Val 0m00s) | Train: LR 0.1  Loss 0.20  Acc 74.88% | Val: Loss nan  Acc(top1) 86.81% | HA 91.21@152

SP-[1] Epoch: 164/1400 | Time: 0m05s (Train 0m05s  Val 0m00s) | Train: LR 0.1  Loss 0.20  Acc 73.44% | Val: Loss nan  Acc(top1) 87.55% | HA 91.21@152

SP-[1] Epoch: 165/1400 | Time: 0m05s (Train 0m05s  Val 0m00s) | Train: LR 0.1  Loss 0.19  Acc 74.88% | Val: Loss nan  Acc(top1) 89.01% | HA 91.21@152

SP-[1] Epoch: 166/1400 | Time: 0m05s (Train 0m05s  Val 0m00s) | Train: LR 0.1  Loss 0.23  Acc 72.60% | Val: Loss nan  Acc(top1) 85.35% | HA 91.21@152

SP-[1] Epoch: 167/1400 | Time: 0m05s (Train 0m05s  Val 0m00s) | Train: LR 0.1  Loss 0.21  Acc 75.48% | Val: Loss nan  Acc(top1) 85.71% | HA 91.21@152

SP-[1] Epoch: 168/1400 | Time: 0m05s (Train 0m05s  Val 0m00s) | Train: LR 0.1  Loss 0.22  Acc 74.64% | Val: Loss nan  Acc(top1) 86.08% | HA 91.21@152

SP-[1] Epoch: 169/1400 | Time: 0m05s (Train 0m05s  Val 0m00s) | Train: LR 0.1  Loss 0.20  Acc 76.32% | Val: Loss nan  Acc(top1) 85.71% | HA 91.21@152

SP-[1] Epoch: 170/1400 | Time: 0m05s (Train 0m05s  Val 0m00s) | Train: LR 0.1  Loss 0.21  Acc 76.92% | Val: Loss nan  Acc(top1) 86.81% | HA 91.21@152

SP-[1] Epoch: 171/1400 | Time: 0m05s (Train 0m05s  Val 0m00s) | Train: LR 0.1  Loss 0.23  Acc 75.96% | Val: Loss nan  Acc(top1) 87.18% | HA 91.21@152

SP-[1] Epoch: 172/1400 | Time: 0m05s (Train 0m05s  Val 0m00s) | Train: LR 0.1  Loss 0.22  Acc 73.08% | Val: Loss nan  Acc(top1) 86.81% | HA 91.21@152

SP-[1] Epoch: 173/1400 | Time: 0m05s (Train 0m05s  Val 0m00s) | Train: LR 0.1  Loss 0.23  Acc 72.96% | Val: Loss nan  Acc(top1) 83.88% | HA 91.21@152

SP-[1] Epoch: 174/1400 | Time: 0m05s (Train 0m05s  Val 0m00s) | Train: LR 0.1  Loss 0.22  Acc 76.44% | Val: Loss nan  Acc(top1) 86.81% | HA 91.21@152

SP-[1] Epoch: 175/1400 | Time: 0m05s (Train 0m05s  Val 0m00s) | Train: LR 0.1  Loss 0.23  Acc 73.32% | Val: Loss nan  Acc(top1) 83.15% | HA 91.21@152

SP-[1] Epoch: 176/1400 | Time: 0m05s (Train 0m05s  Val 0m00s) | Train: LR 0.1  Loss 0.22  Acc 75.48% | Val: Loss nan  Acc(top1) 86.08% | HA 91.21@152

SP-[1] Epoch: 177/1400 | Time: 0m05s (Train 0m05s  Val 0m00s) | Train: LR 0.1  Loss 0.21  Acc 75.84% | Val: Loss nan  Acc(top1) 87.18% | HA 91.21@152

SP-[1] Epoch: 178/1400 | Time: 0m05s (Train 0m05s  Val 0m00s) | Train: LR 0.1  Loss 0.19  Acc 78.49% | Val: Loss nan  Acc(top1) 87.55% | HA 91.21@152

SP-[1] Epoch: 179/1400 | Time: 0m05s (Train 0m05s  Val 0m00s) | Train: LR 0.1  Loss 0.21  Acc 74.40% | Val: Loss nan  Acc(top1) 84.98% | HA 91.21@152

SP-[1] Epoch: 180/1400 | Time: 0m05s (Train 0m05s  Val 0m00s) | Train: LR 0.1  Loss 0.20  Acc 78.37% | Val: Loss nan  Acc(top1) 86.08% | HA 91.21@152

SP-[1] Epoch: 181/1400 | Time: 0m05s (Train 0m05s  Val 0m00s) | Train: LR 0.1  Loss 0.22  Acc 75.96% | Val: Loss nan  Acc(top1) 87.55% | HA 91.21@152

SP-[1] Epoch: 182/1400 | Time: 0m05s (Train 0m05s  Val 0m00s) | Train: LR 0.1  Loss 0.21  Acc 75.84% | Val: Loss nan  Acc(top1) 88.28% | HA 91.21@152

SP-[1] Epoch: 183/1400 | Time: 0m05s (Train 0m05s  Val 0m00s) | Train: LR 0.1  Loss 0.20  Acc 77.28% | Val: Loss nan  Acc(top1) 88.28% | HA 91.21@152

SP-[1] Epoch: 184/1400 | Time: 0m05s (Train 0m05s  Val 0m00s) | Train: LR 0.1  Loss 0.22  Acc 74.88% | Val: Loss nan  Acc(top1) 84.98% | HA 91.21@152

SP-[1] Epoch: 185/1400 | Time: 0m05s (Train 0m05s  Val 0m00s) | Train: LR 0.1  Loss 0.20  Acc 78.73% | Val: Loss nan  Acc(top1) 84.98% | HA 91.21@152

SP-[1] Epoch: 186/1400 | Time: 0m05s (Train 0m05s  Val 0m00s) | Train: LR 0.1  Loss 0.22  Acc 75.48% | Val: Loss nan  Acc(top1) 87.18% | HA 91.21@152

SP-[1] Epoch: 187/1400 | Time: 0m05s (Train 0m05s  Val 0m00s) | Train: LR 0.1  Loss 0.21  Acc 74.52% | Val: Loss nan  Acc(top1) 85.35% | HA 91.21@152

SP-[1] Epoch: 188/1400 | Time: 0m05s (Train 0m05s  Val 0m00s) | Train: LR 0.1  Loss 0.21  Acc 75.24% | Val: Loss nan  Acc(top1) 87.18% | HA 91.21@152

SP-[1] Epoch: 189/1400 | Time: 0m05s (Train 0m05s  Val 0m00s) | Train: LR 0.1  Loss 0.20  Acc 78.00% | Val: Loss nan  Acc(top1) 84.25% | HA 91.21@152

SP-[1] Epoch: 190/1400 | Time: 0m05s (Train 0m05s  Val 0m00s) | Train: LR 0.1  Loss 0.21  Acc 76.56% | Val: Loss nan  Acc(top1) 87.18% | HA 91.21@152

SP-[1] Epoch: 191/1400 | Time: 0m05s (Train 0m05s  Val 0m00s) | Train: LR 0.1  Loss 0.20  Acc 75.24% | Val: Loss nan  Acc(top1) 87.18% | HA 91.21@152

SP-[1] Epoch: 192/1400 | Time: 0m05s (Train 0m05s  Val 0m00s) | Train: LR 0.1  Loss 0.20  Acc 75.12% | Val: Loss nan  Acc(top1) 87.18% | HA 91.21@152

SP-[1] Epoch: 193/1400 | Time: 0m05s (Train 0m05s  Val 0m00s) | Train: LR 0.1  Loss 0.21  Acc 74.64% | Val: Loss nan  Acc(top1) 86.45% | HA 91.21@152

SP-[1] Epoch: 194/1400 | Time: 0m05s (Train 0m05s  Val 0m00s) | Train: LR 0.1  Loss 0.22  Acc 74.28% | Val: Loss nan  Acc(top1) 86.45% | HA 91.21@152

SP-[1] Epoch: 195/1400 | Time: 0m05s (Train 0m05s  Val 0m00s) | Train: LR 0.1  Loss 0.21  Acc 73.68% | Val: Loss nan  Acc(top1) 84.98% | HA 91.21@152

SP-[1] Epoch: 196/1400 | Time: 0m05s (Train 0m05s  Val 0m00s) | Train: LR 0.1  Loss 0.22  Acc 74.16% | Val: Loss nan  Acc(top1) 87.18% | HA 91.21@152

SP-[1] Epoch: 197/1400 | Time: 0m05s (Train 0m05s  Val 0m00s) | Train: LR 0.1  Loss 0.22  Acc 73.92% | Val: Loss nan  Acc(top1) 83.52% | HA 91.21@152

SP-[1] Epoch: 198/1400 | Time: 0m05s (Train 0m05s  Val 0m00s) | Train: LR 0.1  Loss 0.20  Acc 76.68% | Val: Loss nan  Acc(top1) 86.08% | HA 91.21@152

SP-[1] Epoch: 199/1400 | Time: 0m05s (Train 0m05s  Val 0m00s) | Train: LR 0.1  Loss 0.18  Acc 75.96% | Val: Loss nan  Acc(top1) 84.25% | HA 91.21@152

SP-[1] Epoch: 200/1400 | Time: 0m05s (Train 0m05s  Val 0m00s) | Train: LR 0.1  Loss 0.20  Acc 73.92% | Val: Loss nan  Acc(top1) 85.71% | HA 91.21@152

SP-[1] Epoch: 201/1400 | Time: 0m05s (Train 0m05s  Val 0m00s) | Train: LR 0.1  Loss 0.22  Acc 76.92% | Val: Loss nan  Acc(top1) 86.45% | HA 91.21@152

SP-[1] Epoch: 202/1400 | Time: 0m05s (Train 0m05s  Val 0m00s) | Train: LR 0.1  Loss 0.21  Acc 75.84% | Val: Loss nan  Acc(top1) 85.71% | HA 91.21@152

SP-[1] Epoch: 203/1400 | Time: 0m05s (Train 0m05s  Val 0m00s) | Train: LR 0.1  Loss 0.21  Acc 75.12% | Val: Loss nan  Acc(top1) 87.18% | HA 91.21@152

SP-[1] Epoch: 204/1400 | Time: 0m05s (Train 0m05s  Val 0m00s) | Train: LR 0.1  Loss 0.20  Acc 75.12% | Val: Loss nan  Acc(top1) 87.18% | HA 91.21@152

SP-[1] Epoch: 205/1400 | Time: 0m05s (Train 0m05s  Val 0m00s) | Train: LR 0.1  Loss 0.21  Acc 77.16% | Val: Loss nan  Acc(top1) 84.62% | HA 91.21@152

SP-[1] Epoch: 206/1400 | Time: 0m05s (Train 0m05s  Val 0m00s) | Train: LR 0.1  Loss 0.19  Acc 77.64% | Val: Loss nan  Acc(top1) 86.08% | HA 91.21@152

SP-[1] Epoch: 207/1400 | Time: 0m05s (Train 0m05s  Val 0m00s) | Train: LR 0.1  Loss 0.21  Acc 72.72% | Val: Loss nan  Acc(top1) 86.81% | HA 91.21@152

SP-[1] Epoch: 208/1400 | Time: 0m05s (Train 0m05s  Val 0m00s) | Train: LR 0.1  Loss 0.22  Acc 75.00% | Val: Loss nan  Acc(top1) 82.78% | HA 91.21@152

SP-[1] Epoch: 209/1400 | Time: 0m05s (Train 0m05s  Val 0m00s) | Train: LR 0.1  Loss 0.23  Acc 73.32% | Val: Loss nan  Acc(top1) 84.25% | HA 91.21@152

SP-[1] Epoch: 210/1400 | Time: 0m05s (Train 0m05s  Val 0m00s) | Train: LR 0.1  Loss 0.21  Acc 75.24% | Val: Loss nan  Acc(top1) 85.35% | HA 91.21@152

SP-[1] Epoch: 211/1400 | Time: 0m05s (Train 0m05s  Val 0m00s) | Train: LR 0.1  Loss 0.21  Acc 77.28% | Val: Loss nan  Acc(top1) 83.52% | HA 91.21@152

SP-[1] Epoch: 212/1400 | Time: 0m05s (Train 0m05s  Val 0m00s) | Train: LR 0.1  Loss 0.20  Acc 77.28% | Val: Loss nan  Acc(top1) 84.25% | HA 91.21@152

SP-[1] Epoch: 213/1400 | Time: 0m05s (Train 0m05s  Val 0m00s) | Train: LR 0.1  Loss 0.22  Acc 75.96% | Val: Loss nan  Acc(top1) 85.35% | HA 91.21@152

SP-[1] Epoch: 214/1400 | Time: 0m05s (Train 0m05s  Val 0m00s) | Train: LR 0.1  Loss 0.19  Acc 74.04% | Val: Loss nan  Acc(top1) 84.62% | HA 91.21@152

SP-[1] Epoch: 215/1400 | Time: 0m05s (Train 0m05s  Val 0m00s) | Train: LR 0.1  Loss 0.23  Acc 73.20% | Val: Loss nan  Acc(top1) 86.08% | HA 91.21@152

SP-[1] Epoch: 216/1400 | Time: 0m05s (Train 0m05s  Val 0m00s) | Train: LR 0.1  Loss 0.20  Acc 77.52% | Val: Loss nan  Acc(top1) 83.15% | HA 91.21@152

SP-[1] Epoch: 217/1400 | Time: 0m05s (Train 0m05s  Val 0m00s) | Train: LR 0.1  Loss 0.21  Acc 76.08% | Val: Loss nan  Acc(top1) 88.28% | HA 91.21@152

SP-[1] Epoch: 218/1400 | Time: 0m05s (Train 0m05s  Val 0m00s) | Train: LR 0.1  Loss 0.21  Acc 74.52% | Val: Loss nan  Acc(top1) 84.98% | HA 91.21@152

SP-[1] Epoch: 219/1400 | Time: 0m05s (Train 0m05s  Val 0m00s) | Train: LR 0.1  Loss 0.21  Acc 77.64% | Val: Loss nan  Acc(top1) 85.35% | HA 91.21@152

SP-[1] Epoch: 220/1400 | Time: 0m05s (Train 0m05s  Val 0m00s) | Train: LR 0.1  Loss 0.20  Acc 76.56% | Val: Loss nan  Acc(top1) 83.15% | HA 91.21@152

SP-[1] Epoch: 221/1400 | Time: 0m05s (Train 0m05s  Val 0m00s) | Train: LR 0.1  Loss 0.22  Acc 75.36% | Val: Loss nan  Acc(top1) 84.98% | HA 91.21@152

SP-[1] Epoch: 222/1400 | Time: 0m05s (Train 0m05s  Val 0m00s) | Train: LR 0.1  Loss 0.20  Acc 76.56% | Val: Loss nan  Acc(top1) 86.08% | HA 91.21@152

SP-[1] Epoch: 223/1400 | Time: 0m05s (Train 0m05s  Val 0m00s) | Train: LR 0.1  Loss 0.21  Acc 77.04% | Val: Loss nan  Acc(top1) 85.35% | HA 91.21@152

SP-[1] Epoch: 224/1400 | Time: 0m05s (Train 0m05s  Val 0m00s) | Train: LR 0.1  Loss 0.22  Acc 71.27% | Val: Loss nan  Acc(top1) 84.98% | HA 91.21@152

SP-[1] Epoch: 225/1400 | Time: 0m05s (Train 0m05s  Val 0m00s) | Train: LR 0.1  Loss 0.22  Acc 75.12% | Val: Loss nan  Acc(top1) 85.71% | HA 91.21@152

SP-[1] Epoch: 226/1400 | Time: 0m05s (Train 0m05s  Val 0m00s) | Train: LR 0.1  Loss 0.21  Acc 75.60% | Val: Loss nan  Acc(top1) 87.18% | HA 91.21@152

SP-[1] Epoch: 227/1400 | Time: 0m05s (Train 0m05s  Val 0m00s) | Train: LR 0.1  Loss 0.21  Acc 73.08% | Val: Loss nan  Acc(top1) 82.05% | HA 91.21@152

SP-[1] Epoch: 228/1400 | Time: 0m05s (Train 0m05s  Val 0m00s) | Train: LR 0.1  Loss 0.23  Acc 73.80% | Val: Loss nan  Acc(top1) 83.88% | HA 91.21@152

SP-[1] Epoch: 229/1400 | Time: 0m05s (Train 0m05s  Val 0m00s) | Train: LR 0.1  Loss 0.20  Acc 77.28% | Val: Loss nan  Acc(top1) 87.55% | HA 91.21@152

SP-[1] Epoch: 230/1400 | Time: 0m05s (Train 0m05s  Val 0m00s) | Train: LR 0.1  Loss 0.21  Acc 75.24% | Val: Loss nan  Acc(top1) 86.81% | HA 91.21@152

SP-[1] Epoch: 231/1400 | Time: 0m05s (Train 0m05s  Val 0m00s) | Train: LR 0.1  Loss 0.21  Acc 74.40% | Val: Loss nan  Acc(top1) 85.71% | HA 91.21@152

SP-[1] Epoch: 232/1400 | Time: 0m05s (Train 0m05s  Val 0m00s) | Train: LR 0.1  Loss 0.21  Acc 75.00% | Val: Loss nan  Acc(top1) 85.35% | HA 91.21@152

SP-[1] Epoch: 233/1400 | Time: 0m05s (Train 0m05s  Val 0m00s) | Train: LR 0.1  Loss 0.21  Acc 74.40% | Val: Loss nan  Acc(top1) 87.18% | HA 91.21@152

SP-[1] Epoch: 234/1400 | Time: 0m05s (Train 0m05s  Val 0m00s) | Train: LR 0.1  Loss 0.22  Acc 74.04% | Val: Loss nan  Acc(top1) 83.52% | HA 91.21@152

SP-[1] Epoch: 235/1400 | Time: 0m05s (Train 0m05s  Val 0m00s) | Train: LR 0.1  Loss 0.20  Acc 76.80% | Val: Loss nan  Acc(top1) 84.25% | HA 91.21@152

SP-[1] Epoch: 236/1400 | Time: 0m05s (Train 0m05s  Val 0m00s) | Train: LR 0.1  Loss 0.21  Acc 73.68% | Val: Loss nan  Acc(top1) 85.71% | HA 91.21@152

SP-[1] Epoch: 237/1400 | Time: 0m05s (Train 0m05s  Val 0m00s) | Train: LR 0.1  Loss 0.19  Acc 77.28% | Val: Loss nan  Acc(top1) 84.62% | HA 91.21@152

SP-[1] Epoch: 238/1400 | Time: 0m05s (Train 0m05s  Val 0m00s) | Train: LR 0.1  Loss 0.21  Acc 76.44% | Val: Loss nan  Acc(top1) 86.81% | HA 91.21@152

SP-[1] Epoch: 239/1400 | Time: 0m05s (Train 0m05s  Val 0m00s) | Train: LR 0.1  Loss 0.21  Acc 73.08% | Val: Loss nan  Acc(top1) 87.18% | HA 91.21@152

SP-[1] Epoch: 240/1400 | Time: 0m05s (Train 0m05s  Val 0m00s) | Train: LR 0.1  Loss 0.22  Acc 75.96% | Val: Loss nan  Acc(top1) 87.18% | HA 91.21@152

SP-[1] Epoch: 241/1400 | Time: 0m05s (Train 0m05s  Val 0m00s) | Train: LR 0.1  Loss 0.22  Acc 78.49% | Val: Loss nan  Acc(top1) 82.05% | HA 91.21@152

SP-[1] Epoch: 242/1400 | Time: 0m05s (Train 0m05s  Val 0m00s) | Train: LR 0.1  Loss 0.21  Acc 76.80% | Val: Loss nan  Acc(top1) 86.45% | HA 91.21@152

SP-[1] Epoch: 243/1400 | Time: 0m05s (Train 0m05s  Val 0m00s) | Train: LR 0.1  Loss 0.21  Acc 77.16% | Val: Loss nan  Acc(top1) 85.35% | HA 91.21@152

SP-[1] Epoch: 244/1400 | Time: 0m05s (Train 0m05s  Val 0m00s) | Train: LR 0.1  Loss 0.22  Acc 72.96% | Val: Loss nan  Acc(top1) 84.62% | HA 91.21@152

SP-[1] Epoch: 245/1400 | Time: 0m05s (Train 0m05s  Val 0m00s) | Train: LR 0.1  Loss 0.21  Acc 75.60% | Val: Loss nan  Acc(top1) 82.05% | HA 91.21@152

SP-[1] Epoch: 246/1400 | Time: 0m05s (Train 0m05s  Val 0m00s) | Train: LR 0.1  Loss 0.19  Acc 74.52% | Val: Loss nan  Acc(top1) 85.35% | HA 91.21@152

SP-[1] Epoch: 247/1400 | Time: 0m05s (Train 0m05s  Val 0m00s) | Train: LR 0.1  Loss 0.23  Acc 70.91% | Val: Loss nan  Acc(top1) 86.45% | HA 91.21@152

SP-[1] Epoch: 248/1400 | Time: 0m05s (Train 0m05s  Val 0m00s) | Train: LR 0.1  Loss 0.20  Acc 72.96% | Val: Loss nan  Acc(top1) 86.81% | HA 91.21@152

SP-[1] Epoch: 249/1400 | Time: 0m05s (Train 0m05s  Val 0m00s) | Train: LR 0.1  Loss 0.22  Acc 73.08% | Val: Loss nan  Acc(top1) 87.18% | HA 91.21@152

SP-[1] Epoch: 250/1400 | Time: 0m05s (Train 0m05s  Val 0m00s) | Train: LR 0.1  Loss 0.19  Acc 77.88% | Val: Loss nan  Acc(top1) 84.62% | HA 91.21@152

SP-[1] Epoch: 251/1400 | Time: 0m05s (Train 0m05s  Val 0m00s) | Train: LR 0.1  Loss 0.19  Acc 77.28% | Val: Loss nan  Acc(top1) 82.42% | HA 91.21@152

SP-[1] Epoch: 252/1400 | Time: 0m05s (Train 0m05s  Val 0m00s) | Train: LR 0.1  Loss 0.22  Acc 75.96% | Val: Loss nan  Acc(top1) 83.88% | HA 91.21@152

SP-[1] Epoch: 253/1400 | Time: 0m05s (Train 0m05s  Val 0m00s) | Train: LR 0.1  Loss 0.22  Acc 76.68% | Val: Loss nan  Acc(top1) 86.08% | HA 91.21@152

SP-[1] Epoch: 254/1400 | Time: 0m05s (Train 0m05s  Val 0m00s) | Train: LR 0.1  Loss 0.20  Acc 75.00% | Val: Loss nan  Acc(top1) 84.98% | HA 91.21@152

SP-[1] Epoch: 255/1400 | Time: 0m05s (Train 0m05s  Val 0m00s) | Train: LR 0.1  Loss 0.21  Acc 72.84% | Val: Loss nan  Acc(top1) 83.88% | HA 91.21@152

SP-[1] Epoch: 256/1400 | Time: 0m05s (Train 0m05s  Val 0m00s) | Train: LR 0.1  Loss 0.20  Acc 76.68% | Val: Loss nan  Acc(top1) 83.52% | HA 91.21@152

SP-[1] Epoch: 257/1400 | Time: 0m05s (Train 0m05s  Val 0m00s) | Train: LR 0.1  Loss 0.21  Acc 75.24% | Val: Loss nan  Acc(top1) 82.05% | HA 91.21@152

SP-[1] Epoch: 258/1400 | Time: 0m05s (Train 0m05s  Val 0m00s) | Train: LR 0.1  Loss 0.21  Acc 76.08% | Val: Loss nan  Acc(top1) 82.42% | HA 91.21@152

SP-[1] Epoch: 259/1400 | Time: 0m05s (Train 0m05s  Val 0m00s) | Train: LR 0.1  Loss 0.21  Acc 77.40% | Val: Loss nan  Acc(top1) 82.05% | HA 91.21@152

SP-[1] Epoch: 260/1400 | Time: 0m05s (Train 0m05s  Val 0m00s) | Train: LR 0.1  Loss 0.22  Acc 73.80% | Val: Loss nan  Acc(top1) 83.88% | HA 91.21@152

SP-[1] Epoch: 261/1400 | Time: 0m05s (Train 0m05s  Val 0m00s) | Train: LR 0.1  Loss 0.21  Acc 75.84% | Val: Loss nan  Acc(top1) 83.88% | HA 91.21@152

SP-[1] Epoch: 262/1400 | Time: 0m05s (Train 0m05s  Val 0m00s) | Train: LR 0.1  Loss 0.21  Acc 75.36% | Val: Loss nan  Acc(top1) 84.98% | HA 91.21@152

SP-[1] Epoch: 263/1400 | Time: 0m05s (Train 0m05s  Val 0m00s) | Train: LR 0.1  Loss 0.22  Acc 76.80% | Val: Loss nan  Acc(top1) 85.35% | HA 91.21@152

SP-[1] Epoch: 264/1400 | Time: 0m05s (Train 0m05s  Val 0m00s) | Train: LR 0.1  Loss 0.21  Acc 73.92% | Val: Loss nan  Acc(top1) 84.62% | HA 91.21@152

SP-[1] Epoch: 265/1400 | Time: 0m05s (Train 0m05s  Val 0m00s) | Train: LR 0.1  Loss 0.21  Acc 75.24% | Val: Loss nan  Acc(top1) 84.98% | HA 91.21@152

SP-[1] Epoch: 266/1400 | Time: 0m05s (Train 0m05s  Val 0m00s) | Train: LR 0.1  Loss 0.23  Acc 74.88% | Val: Loss nan  Acc(top1) 82.42% | HA 91.21@152

SP-[1] Epoch: 267/1400 | Time: 0m05s (Train 0m05s  Val 0m00s) | Train: LR 0.1  Loss 0.21  Acc 74.16% | Val: Loss nan  Acc(top1) 86.81% | HA 91.21@152

SP-[1] Epoch: 268/1400 | Time: 0m05s (Train 0m05s  Val 0m00s) | Train: LR 0.1  Loss 0.21  Acc 76.20% | Val: Loss nan  Acc(top1) 87.18% | HA 91.21@152

SP-[1] Epoch: 269/1400 | Time: 0m05s (Train 0m05s  Val 0m00s) | Train: LR 0.1  Loss 0.20  Acc 75.96% | Val: Loss nan  Acc(top1) 83.15% | HA 91.21@152

SP-[1] Epoch: 270/1400 | Time: 0m05s (Train 0m05s  Val 0m00s) | Train: LR 0.1  Loss 0.20  Acc 76.92% | Val: Loss nan  Acc(top1) 83.52% | HA 91.21@152

SP-[1] Epoch: 271/1400 | Time: 0m05s (Train 0m05s  Val 0m00s) | Train: LR 0.1  Loss 0.23  Acc 73.32% | Val: Loss nan  Acc(top1) 83.88% | HA 91.21@152

SP-[1] Epoch: 272/1400 | Time: 0m05s (Train 0m05s  Val 0m00s) | Train: LR 0.1  Loss 0.21  Acc 74.16% | Val: Loss nan  Acc(top1) 87.55% | HA 91.21@152

SP-[1] Epoch: 273/1400 | Time: 0m05s (Train 0m05s  Val 0m00s) | Train: LR 0.1  Loss 0.20  Acc 76.92% | Val: Loss nan  Acc(top1) 84.62% | HA 91.21@152

SP-[1] Epoch: 274/1400 | Time: 0m05s (Train 0m05s  Val 0m00s) | Train: LR 0.1  Loss 0.22  Acc 77.76% | Val: Loss nan  Acc(top1) 84.98% | HA 91.21@152

SP-[1] Epoch: 275/1400 | Time: 0m05s (Train 0m05s  Val 0m00s) | Train: LR 0.1  Loss 0.19  Acc 76.92% | Val: Loss nan  Acc(top1) 87.18% | HA 91.21@152

SP-[1] Epoch: 276/1400 | Time: 0m05s (Train 0m05s  Val 0m00s) | Train: LR 0.1  Loss 0.21  Acc 76.80% | Val: Loss nan  Acc(top1) 86.45% | HA 91.21@152

SP-[1] Epoch: 277/1400 | Time: 0m05s (Train 0m05s  Val 0m00s) | Train: LR 0.1  Loss 0.22  Acc 76.08% | Val: Loss nan  Acc(top1) 85.71% | HA 91.21@152

SP-[1] Epoch: 278/1400 | Time: 0m05s (Train 0m05s  Val 0m00s) | Train: LR 0.1  Loss 0.20  Acc 76.68% | Val: Loss nan  Acc(top1) 87.18% | HA 91.21@152

SP-[1] Epoch: 279/1400 | Time: 0m05s (Train 0m05s  Val 0m00s) | Train: LR 0.1  Loss 0.20  Acc 73.56% | Val: Loss nan  Acc(top1) 87.55% | HA 91.21@152

SP-[1] Epoch: 280/1400 | Time: 0m05s (Train 0m05s  Val 0m00s) | Train: LR 0.1  Loss 0.22  Acc 72.24% | Val: Loss nan  Acc(top1) 84.98% | HA 91.21@152

SP-[1] Epoch: 281/1400 | Time: 0m05s (Train 0m05s  Val 0m00s) | Train: LR 0.1  Loss 0.23  Acc 75.48% | Val: Loss nan  Acc(top1) 86.08% | HA 91.21@152

SP-[1] Epoch: 282/1400 | Time: 0m05s (Train 0m05s  Val 0m00s) | Train: LR 0.1  Loss 0.22  Acc 73.32% | Val: Loss nan  Acc(top1) 85.71% | HA 91.21@152

SP-[1] Epoch: 283/1400 | Time: 0m05s (Train 0m05s  Val 0m00s) | Train: LR 0.1  Loss 0.21  Acc 75.00% | Val: Loss nan  Acc(top1) 85.35% | HA 91.21@152

SP-[1] Epoch: 284/1400 | Time: 0m05s (Train 0m05s  Val 0m00s) | Train: LR 0.1  Loss 0.22  Acc 75.36% | Val: Loss nan  Acc(top1) 83.52% | HA 91.21@152

SP-[1] Epoch: 285/1400 | Time: 0m05s (Train 0m05s  Val 0m00s) | Train: LR 0.1  Loss 0.21  Acc 75.84% | Val: Loss nan  Acc(top1) 85.35% | HA 91.21@152

SP-[1] Epoch: 286/1400 | Time: 0m05s (Train 0m05s  Val 0m00s) | Train: LR 0.1  Loss 0.23  Acc 75.48% | Val: Loss nan  Acc(top1) 83.52% | HA 91.21@152

SP-[1] Epoch: 287/1400 | Time: 0m05s (Train 0m05s  Val 0m00s) | Train: LR 0.1  Loss 0.20  Acc 74.40% | Val: Loss nan  Acc(top1) 84.25% | HA 91.21@152

SP-[1] Epoch: 288/1400 | Time: 0m05s (Train 0m05s  Val 0m00s) | Train: LR 0.1  Loss 0.21  Acc 75.36% | Val: Loss nan  Acc(top1) 82.78% | HA 91.21@152

SP-[1] Epoch: 289/1400 | Time: 0m05s (Train 0m05s  Val 0m00s) | Train: LR 0.1  Loss 0.21  Acc 75.60% | Val: Loss nan  Acc(top1) 86.08% | HA 91.21@152

SP-[1] Epoch: 290/1400 | Time: 0m05s (Train 0m05s  Val 0m00s) | Train: LR 0.1  Loss 0.20  Acc 74.16% | Val: Loss nan  Acc(top1) 87.55% | HA 91.21@152

SP-[1] Epoch: 291/1400 | Time: 0m05s (Train 0m05s  Val 0m00s) | Train: LR 0.1  Loss 0.21  Acc 73.20% | Val: Loss nan  Acc(top1) 85.35% | HA 91.21@152

SP-[1] Epoch: 292/1400 | Time: 0m05s (Train 0m05s  Val 0m00s) | Train: LR 0.1  Loss 0.19  Acc 76.20% | Val: Loss nan  Acc(top1) 86.45% | HA 91.21@152

SP-[1] Epoch: 293/1400 | Time: 0m05s (Train 0m05s  Val 0m00s) | Train: LR 0.1  Loss 0.24  Acc 73.92% | Val: Loss nan  Acc(top1) 84.62% | HA 91.21@152

SP-[1] Epoch: 294/1400 | Time: 0m05s (Train 0m05s  Val 0m00s) | Train: LR 0.1  Loss 0.22  Acc 75.24% | Val: Loss nan  Acc(top1) 85.35% | HA 91.21@152

SP-[1] Epoch: 295/1400 | Time: 0m05s (Train 0m05s  Val 0m00s) | Train: LR 0.1  Loss 0.21  Acc 75.36% | Val: Loss nan  Acc(top1) 85.35% | HA 91.21@152

SP-[1] Epoch: 296/1400 | Time: 0m05s (Train 0m05s  Val 0m00s) | Train: LR 0.1  Loss 0.22  Acc 75.00% | Val: Loss nan  Acc(top1) 87.55% | HA 91.21@152

SP-[1] Epoch: 297/1400 | Time: 0m05s (Train 0m05s  Val 0m00s) | Train: LR 0.1  Loss 0.22  Acc 75.72% | Val: Loss nan  Acc(top1) 89.38% | HA 91.21@152

SP-[1] Epoch: 298/1400 | Time: 0m05s (Train 0m05s  Val 0m00s) | Train: LR 0.1  Loss 0.22  Acc 72.48% | Val: Loss nan  Acc(top1) 84.98% | HA 91.21@152

SP-[1] Epoch: 299/1400 | Time: 0m05s (Train 0m05s  Val 0m00s) | Train: LR 0.1  Loss 0.22  Acc 74.40% | Val: Loss nan  Acc(top1) 85.35% | HA 91.21@152

SP-[1] Epoch: 300/1400 | Time: 0m05s (Train 0m05s  Val 0m00s) | Train: LR 0.1  Loss 0.23  Acc 74.76% | Val: Loss nan  Acc(top1) 84.62% | HA 91.21@152

SP-[1] Epoch: 301/1400 | Time: 0m05s (Train 0m05s  Val 0m00s) | Train: LR 0.1  Loss 0.22  Acc 73.20% | Val: Loss nan  Acc(top1) 89.74% | HA 91.21@152

SP-[1] Epoch: 302/1400 | Time: 0m05s (Train 0m05s  Val 0m00s) | Train: LR 0.1  Loss 0.20  Acc 75.36% | Val: Loss nan  Acc(top1) 86.81% | HA 91.21@152

SP-[1] Epoch: 303/1400 | Time: 0m05s (Train 0m05s  Val 0m00s) | Train: LR 0.1  Loss 0.21  Acc 76.08% | Val: Loss nan  Acc(top1) 84.25% | HA 91.21@152

SP-[1] Epoch: 304/1400 | Time: 0m05s (Train 0m05s  Val 0m00s) | Train: LR 0.1  Loss 0.20  Acc 74.52% | Val: Loss nan  Acc(top1) 83.88% | HA 91.21@152

SP-[1] Epoch: 305/1400 | Time: 0m05s (Train 0m05s  Val 0m00s) | Train: LR 0.1  Loss 0.23  Acc 75.12% | Val: Loss nan  Acc(top1) 86.08% | HA 91.21@152

SP-[1] Epoch: 306/1400 | Time: 0m05s (Train 0m05s  Val 0m00s) | Train: LR 0.1  Loss 0.21  Acc 76.32% | Val: Loss nan  Acc(top1) 86.81% | HA 91.21@152

SP-[1] Epoch: 307/1400 | Time: 0m05s (Train 0m05s  Val 0m00s) | Train: LR 0.1  Loss 0.19  Acc 74.76% | Val: Loss nan  Acc(top1) 85.71% | HA 91.21@152

SP-[1] Epoch: 308/1400 | Time: 0m05s (Train 0m05s  Val 0m00s) | Train: LR 0.1  Loss 0.20  Acc 73.32% | Val: Loss nan  Acc(top1) 83.15% | HA 91.21@152

SP-[1] Epoch: 309/1400 | Time: 0m05s (Train 0m05s  Val 0m00s) | Train: LR 0.1  Loss 0.22  Acc 72.72% | Val: Loss nan  Acc(top1) 86.81% | HA 91.21@152

SP-[1] Epoch: 310/1400 | Time: 0m05s (Train 0m05s  Val 0m00s) | Train: LR 0.1  Loss 0.20  Acc 73.92% | Val: Loss nan  Acc(top1) 87.18% | HA 91.21@152

SP-[1] Epoch: 311/1400 | Time: 0m05s (Train 0m05s  Val 0m00s) | Train: LR 0.1  Loss 0.20  Acc 75.36% | Val: Loss nan  Acc(top1) 86.81% | HA 91.21@152

SP-[1] Epoch: 312/1400 | Time: 0m05s (Train 0m05s  Val 0m00s) | Train: LR 0.1  Loss 0.21  Acc 75.00% | Val: Loss nan  Acc(top1) 82.78% | HA 91.21@152

SP-[1] Epoch: 313/1400 | Time: 0m05s (Train 0m05s  Val 0m00s) | Train: LR 0.1  Loss 0.20  Acc 75.00% | Val: Loss nan  Acc(top1) 82.78% | HA 91.21@152

SP-[1] Epoch: 314/1400 | Time: 0m05s (Train 0m05s  Val 0m00s) | Train: LR 0.1  Loss 0.20  Acc 76.80% | Val: Loss nan  Acc(top1) 84.62% | HA 91.21@152

SP-[1] Epoch: 315/1400 | Time: 0m05s (Train 0m05s  Val 0m00s) | Train: LR 0.1  Loss 0.21  Acc 75.24% | Val: Loss nan  Acc(top1) 87.91% | HA 91.21@152

SP-[1] Epoch: 316/1400 | Time: 0m05s (Train 0m05s  Val 0m00s) | Train: LR 0.1  Loss 0.21  Acc 76.92% | Val: Loss nan  Acc(top1) 82.78% | HA 91.21@152

SP-[1] Epoch: 317/1400 | Time: 0m05s (Train 0m05s  Val 0m00s) | Train: LR 0.1  Loss 0.21  Acc 73.20% | Val: Loss nan  Acc(top1) 83.88% | HA 91.21@152

SP-[1] Epoch: 318/1400 | Time: 0m05s (Train 0m05s  Val 0m00s) | Train: LR 0.1  Loss 0.21  Acc 73.92% | Val: Loss nan  Acc(top1) 86.45% | HA 91.21@152

SP-[1] Epoch: 319/1400 | Time: 0m05s (Train 0m05s  Val 0m00s) | Train: LR 0.1  Loss 0.22  Acc 76.56% | Val: Loss nan  Acc(top1) 87.91% | HA 91.21@152

SP-[1] Epoch: 320/1400 | Time: 0m05s (Train 0m05s  Val 0m00s) | Train: LR 0.1  Loss 0.21  Acc 75.00% | Val: Loss nan  Acc(top1) 87.18% | HA 91.21@152

SP-[1] Epoch: 321/1400 | Time: 0m05s (Train 0m05s  Val 0m00s) | Train: LR 0.1  Loss 0.21  Acc 76.68% | Val: Loss nan  Acc(top1) 85.35% | HA 91.21@152

SP-[1] Epoch: 322/1400 | Time: 0m05s (Train 0m05s  Val 0m00s) | Train: LR 0.1  Loss 0.22  Acc 75.24% | Val: Loss nan  Acc(top1) 84.98% | HA 91.21@152

SP-[1] Epoch: 323/1400 | Time: 0m05s (Train 0m05s  Val 0m00s) | Train: LR 0.1  Loss 0.22  Acc 73.92% | Val: Loss nan  Acc(top1) 87.18% | HA 91.21@152

SP-[1] Epoch: 324/1400 | Time: 0m05s (Train 0m05s  Val 0m00s) | Train: LR 0.1  Loss 0.21  Acc 76.44% | Val: Loss nan  Acc(top1) 86.45% | HA 91.21@152

SP-[1] Epoch: 325/1400 | Time: 0m05s (Train 0m05s  Val 0m00s) | Train: LR 0.1  Loss 0.21  Acc 73.92% | Val: Loss nan  Acc(top1) 88.64% | HA 91.21@152

SP-[1] Epoch: 326/1400 | Time: 0m05s (Train 0m05s  Val 0m00s) | Train: LR 0.1  Loss 0.22  Acc 71.51% | Val: Loss nan  Acc(top1) 86.08% | HA 91.21@152

SP-[1] Epoch: 327/1400 | Time: 0m05s (Train 0m05s  Val 0m00s) | Train: LR 0.1  Loss 0.20  Acc 77.04% | Val: Loss nan  Acc(top1) 86.08% | HA 91.21@152

SP-[1] Epoch: 328/1400 | Time: 0m05s (Train 0m05s  Val 0m00s) | Train: LR 0.1  Loss 0.20  Acc 76.68% | Val: Loss nan  Acc(top1) 84.98% | HA 91.21@152

SP-[1] Epoch: 329/1400 | Time: 0m05s (Train 0m05s  Val 0m00s) | Train: LR 0.1  Loss 0.22  Acc 75.24% | Val: Loss nan  Acc(top1) 87.18% | HA 91.21@152

SP-[1] Epoch: 330/1400 | Time: 0m05s (Train 0m05s  Val 0m00s) | Train: LR 0.1  Loss 0.21  Acc 77.16% | Val: Loss nan  Acc(top1) 86.45% | HA 91.21@152

SP-[1] Epoch: 331/1400 | Time: 0m05s (Train 0m05s  Val 0m00s) | Train: LR 0.1  Loss 0.20  Acc 77.76% | Val: Loss nan  Acc(top1) 86.08% | HA 91.21@152

SP-[1] Epoch: 332/1400 | Time: 0m05s (Train 0m05s  Val 0m00s) | Train: LR 0.1  Loss 0.20  Acc 72.72% | Val: Loss nan  Acc(top1) 87.18% | HA 91.21@152

SP-[1] Epoch: 333/1400 | Time: 0m05s (Train 0m05s  Val 0m00s) | Train: LR 0.1  Loss 0.19  Acc 75.72% | Val: Loss nan  Acc(top1) 84.62% | HA 91.21@152

SP-[1] Epoch: 334/1400 | Time: 0m05s (Train 0m05s  Val 0m00s) | Train: LR 0.1  Loss 0.19  Acc 76.08% | Val: Loss nan  Acc(top1) 84.98% | HA 91.21@152

SP-[1] Epoch: 335/1400 | Time: 0m05s (Train 0m05s  Val 0m00s) | Train: LR 0.1  Loss 0.22  Acc 75.84% | Val: Loss nan  Acc(top1) 86.81% | HA 91.21@152

SP-[1] Epoch: 336/1400 | Time: 0m05s (Train 0m05s  Val 0m00s) | Train: LR 0.1  Loss 0.21  Acc 75.96% | Val: Loss nan  Acc(top1) 85.71% | HA 91.21@152

SP-[1] Epoch: 337/1400 | Time: 0m05s (Train 0m05s  Val 0m00s) | Train: LR 0.1  Loss 0.22  Acc 74.04% | Val: Loss nan  Acc(top1) 85.35% | HA 91.21@152

SP-[1] Epoch: 338/1400 | Time: 0m05s (Train 0m05s  Val 0m00s) | Train: LR 0.1  Loss 0.20  Acc 76.80% | Val: Loss nan  Acc(top1) 82.78% | HA 91.21@152

SP-[1] Epoch: 339/1400 | Time: 0m05s (Train 0m05s  Val 0m00s) | Train: LR 0.1  Loss 0.20  Acc 77.64% | Val: Loss nan  Acc(top1) 83.88% | HA 91.21@152

SP-[1] Epoch: 340/1400 | Time: 0m05s (Train 0m05s  Val 0m00s) | Train: LR 0.1  Loss 0.22  Acc 73.92% | Val: Loss nan  Acc(top1) 84.25% | HA 91.21@152

SP-[1] Epoch: 341/1400 | Time: 0m05s (Train 0m05s  Val 0m00s) | Train: LR 0.1  Loss 0.22  Acc 77.28% | Val: Loss nan  Acc(top1) 85.35% | HA 91.21@152

SP-[1] Epoch: 342/1400 | Time: 0m05s (Train 0m05s  Val 0m00s) | Train: LR 0.1  Loss 0.21  Acc 78.97% | Val: Loss nan  Acc(top1) 86.81% | HA 91.21@152

SP-[1] Epoch: 343/1400 | Time: 0m05s (Train 0m05s  Val 0m00s) | Train: LR 0.1  Loss 0.21  Acc 74.16% | Val: Loss nan  Acc(top1) 82.05% | HA 91.21@152

SP-[1] Epoch: 344/1400 | Time: 0m05s (Train 0m05s  Val 0m00s) | Train: LR 0.1  Loss 0.20  Acc 77.28% | Val: Loss nan  Acc(top1) 83.88% | HA 91.21@152

SP-[1] Epoch: 345/1400 | Time: 0m05s (Train 0m05s  Val 0m00s) | Train: LR 0.1  Loss 0.22  Acc 74.76% | Val: Loss nan  Acc(top1) 83.88% | HA 91.21@152

SP-[1] Epoch: 346/1400 | Time: 0m05s (Train 0m05s  Val 0m00s) | Train: LR 0.1  Loss 0.22  Acc 72.12% | Val: Loss nan  Acc(top1) 82.42% | HA 91.21@152

SP-[1] Epoch: 347/1400 | Time: 0m05s (Train 0m05s  Val 0m00s) | Train: LR 0.1  Loss 0.22  Acc 76.20% | Val: Loss nan  Acc(top1) 85.35% | HA 91.21@152

SP-[1] Epoch: 348/1400 | Time: 0m05s (Train 0m05s  Val 0m00s) | Train: LR 0.1  Loss 0.21  Acc 72.72% | Val: Loss nan  Acc(top1) 85.35% | HA 91.21@152

SP-[1] Epoch: 349/1400 | Time: 0m05s (Train 0m05s  Val 0m00s) | Train: LR 0.1  Loss 0.21  Acc 73.44% | Val: Loss nan  Acc(top1) 84.98% | HA 91.21@152

SP-[1] Epoch: 350/1400 | Time: 0m05s (Train 0m05s  Val 0m00s) | Train: LR 0.1  Loss 0.22  Acc 74.28% | Val: Loss nan  Acc(top1) 82.78% | HA 91.21@152

SP-[1] Epoch: 351/1400 | Time: 0m05s (Train 0m05s  Val 0m00s) | Train: LR 0.1  Loss 0.20  Acc 77.04% | Val: Loss nan  Acc(top1) 86.81% | HA 91.21@152

SP-[1] Epoch: 352/1400 | Time: 0m05s (Train 0m05s  Val 0m00s) | Train: LR 0.1  Loss 0.22  Acc 74.64% | Val: Loss nan  Acc(top1) 84.25% | HA 91.21@152

SP-[1] Epoch: 353/1400 | Time: 0m05s (Train 0m05s  Val 0m00s) | Train: LR 0.1  Loss 0.22  Acc 74.88% | Val: Loss nan  Acc(top1) 82.05% | HA 91.21@152

SP-[1] Epoch: 354/1400 | Time: 0m05s (Train 0m05s  Val 0m00s) | Train: LR 0.1  Loss 0.21  Acc 74.64% | Val: Loss nan  Acc(top1) 85.35% | HA 91.21@152

SP-[1] Epoch: 355/1400 | Time: 0m05s (Train 0m05s  Val 0m00s) | Train: LR 0.1  Loss 0.19  Acc 76.92% | Val: Loss nan  Acc(top1) 85.71% | HA 91.21@152

SP-[1] Epoch: 356/1400 | Time: 0m05s (Train 0m05s  Val 0m00s) | Train: LR 0.1  Loss 0.21  Acc 77.04% | Val: Loss nan  Acc(top1) 84.62% | HA 91.21@152

SP-[1] Epoch: 357/1400 | Time: 0m05s (Train 0m05s  Val 0m00s) | Train: LR 0.1  Loss 0.20  Acc 74.76% | Val: Loss nan  Acc(top1) 83.88% | HA 91.21@152

SP-[1] Epoch: 358/1400 | Time: 0m05s (Train 0m05s  Val 0m00s) | Train: LR 0.1  Loss 0.22  Acc 71.88% | Val: Loss nan  Acc(top1) 83.52% | HA 91.21@152

SP-[1] Epoch: 359/1400 | Time: 0m05s (Train 0m05s  Val 0m00s) | Train: LR 0.1  Loss 0.20  Acc 75.24% | Val: Loss nan  Acc(top1) 85.71% | HA 91.21@152

SP-[1] Epoch: 360/1400 | Time: 0m05s (Train 0m05s  Val 0m00s) | Train: LR 0.1  Loss 0.19  Acc 79.93% | Val: Loss nan  Acc(top1) 84.25% | HA 91.21@152

SP-[1] Epoch: 361/1400 | Time: 0m05s (Train 0m05s  Val 0m00s) | Train: LR 0.1  Loss 0.21  Acc 76.08% | Val: Loss nan  Acc(top1) 84.98% | HA 91.21@152

SP-[1] Epoch: 362/1400 | Time: 0m05s (Train 0m05s  Val 0m00s) | Train: LR 0.1  Loss 0.19  Acc 75.00% | Val: Loss nan  Acc(top1) 85.71% | HA 91.21@152

SP-[1] Epoch: 363/1400 | Time: 0m05s (Train 0m05s  Val 0m00s) | Train: LR 0.1  Loss 0.22  Acc 75.00% | Val: Loss nan  Acc(top1) 84.25% | HA 91.21@152

SP-[1] Epoch: 364/1400 | Time: 0m05s (Train 0m05s  Val 0m00s) | Train: LR 0.1  Loss 0.21  Acc 75.00% | Val: Loss nan  Acc(top1) 83.88% | HA 91.21@152

SP-[1] Epoch: 365/1400 | Time: 0m05s (Train 0m05s  Val 0m00s) | Train: LR 0.1  Loss 0.20  Acc 77.64% | Val: Loss nan  Acc(top1) 84.98% | HA 91.21@152

SP-[1] Epoch: 366/1400 | Time: 0m05s (Train 0m05s  Val 0m00s) | Train: LR 0.1  Loss 0.20  Acc 79.57% | Val: Loss nan  Acc(top1) 82.42% | HA 91.21@152

SP-[1] Epoch: 367/1400 | Time: 0m05s (Train 0m05s  Val 0m00s) | Train: LR 0.1  Loss 0.20  Acc 74.76% | Val: Loss nan  Acc(top1) 83.88% | HA 91.21@152

SP-[1] Epoch: 368/1400 | Time: 0m05s (Train 0m05s  Val 0m00s) | Train: LR 0.1  Loss 0.24  Acc 75.84% | Val: Loss nan  Acc(top1) 87.55% | HA 91.21@152

SP-[1] Epoch: 369/1400 | Time: 0m05s (Train 0m05s  Val 0m00s) | Train: LR 0.1  Loss 0.22  Acc 74.40% | Val: Loss nan  Acc(top1) 86.81% | HA 91.21@152

SP-[1] Epoch: 370/1400 | Time: 0m05s (Train 0m05s  Val 0m00s) | Train: LR 0.1  Loss 0.20  Acc 77.28% | Val: Loss nan  Acc(top1) 85.35% | HA 91.21@152

SP-[1] Epoch: 371/1400 | Time: 0m05s (Train 0m05s  Val 0m00s) | Train: LR 0.1  Loss 0.21  Acc 76.68% | Val: Loss nan  Acc(top1) 84.98% | HA 91.21@152

SP-[1] Epoch: 372/1400 | Time: 0m05s (Train 0m05s  Val 0m00s) | Train: LR 0.1  Loss 0.22  Acc 76.32% | Val: Loss nan  Acc(top1) 85.35% | HA 91.21@152

SP-[1] Epoch: 373/1400 | Time: 0m05s (Train 0m05s  Val 0m00s) | Train: LR 0.1  Loss 0.20  Acc 76.44% | Val: Loss nan  Acc(top1) 85.71% | HA 91.21@152

SP-[1] Epoch: 374/1400 | Time: 0m05s (Train 0m05s  Val 0m00s) | Train: LR 0.1  Loss 0.21  Acc 74.64% | Val: Loss nan  Acc(top1) 84.98% | HA 91.21@152

SP-[1] Epoch: 375/1400 | Time: 0m05s (Train 0m05s  Val 0m00s) | Train: LR 0.1  Loss 0.20  Acc 74.16% | Val: Loss nan  Acc(top1) 86.45% | HA 91.21@152

SP-[1] Epoch: 376/1400 | Time: 0m05s (Train 0m05s  Val 0m00s) | Train: LR 0.1  Loss 0.21  Acc 76.68% | Val: Loss nan  Acc(top1) 87.55% | HA 91.21@152

SP-[1] Epoch: 377/1400 | Time: 0m05s (Train 0m05s  Val 0m00s) | Train: LR 0.1  Loss 0.21  Acc 74.28% | Val: Loss nan  Acc(top1) 87.91% | HA 91.21@152

SP-[1] Epoch: 378/1400 | Time: 0m05s (Train 0m05s  Val 0m00s) | Train: LR 0.1  Loss 0.21  Acc 75.84% | Val: Loss nan  Acc(top1) 87.18% | HA 91.21@152

SP-[1] Epoch: 379/1400 | Time: 0m05s (Train 0m05s  Val 0m00s) | Train: LR 0.1  Loss 0.19  Acc 74.16% | Val: Loss nan  Acc(top1) 88.64% | HA 91.21@152

SP-[1] Epoch: 380/1400 | Time: 0m05s (Train 0m05s  Val 0m00s) | Train: LR 0.1  Loss 0.23  Acc 73.44% | Val: Loss nan  Acc(top1) 88.28% | HA 91.21@152

SP-[1] Epoch: 381/1400 | Time: 0m05s (Train 0m05s  Val 0m00s) | Train: LR 0.1  Loss 0.21  Acc 73.32% | Val: Loss nan  Acc(top1) 87.91% | HA 91.21@152

SP-[1] Epoch: 382/1400 | Time: 0m05s (Train 0m05s  Val 0m00s) | Train: LR 0.1  Loss 0.19  Acc 75.48% | Val: Loss nan  Acc(top1) 87.91% | HA 91.21@152

SP-[1] Epoch: 383/1400 | Time: 0m05s (Train 0m05s  Val 0m00s) | Train: LR 0.1  Loss 0.21  Acc 73.56% | Val: Loss nan  Acc(top1) 84.98% | HA 91.21@152

SP-[1] Epoch: 384/1400 | Time: 0m05s (Train 0m05s  Val 0m00s) | Train: LR 0.1  Loss 0.21  Acc 74.04% | Val: Loss nan  Acc(top1) 84.98% | HA 91.21@152

SP-[1] Epoch: 385/1400 | Time: 0m05s (Train 0m05s  Val 0m00s) | Train: LR 0.1  Loss 0.22  Acc 73.80% | Val: Loss nan  Acc(top1) 83.88% | HA 91.21@152

SP-[1] Epoch: 386/1400 | Time: 0m05s (Train 0m05s  Val 0m00s) | Train: LR 0.1  Loss 0.20  Acc 76.92% | Val: Loss nan  Acc(top1) 82.78% | HA 91.21@152

SP-[1] Epoch: 387/1400 | Time: 0m05s (Train 0m05s  Val 0m00s) | Train: LR 0.1  Loss 0.20  Acc 74.64% | Val: Loss nan  Acc(top1) 81.32% | HA 91.21@152

SP-[1] Epoch: 388/1400 | Time: 0m05s (Train 0m05s  Val 0m00s) | Train: LR 0.1  Loss 0.21  Acc 75.24% | Val: Loss nan  Acc(top1) 86.45% | HA 91.21@152

SP-[1] Epoch: 389/1400 | Time: 0m05s (Train 0m05s  Val 0m00s) | Train: LR 0.1  Loss 0.22  Acc 73.32% | Val: Loss nan  Acc(top1) 89.38% | HA 91.21@152

SP-[1] Epoch: 390/1400 | Time: 0m05s (Train 0m05s  Val 0m00s) | Train: LR 0.1  Loss 0.20  Acc 75.12% | Val: Loss nan  Acc(top1) 87.55% | HA 91.21@152

SP-[1] Epoch: 391/1400 | Time: 0m05s (Train 0m05s  Val 0m00s) | Train: LR 0.1  Loss 0.20  Acc 76.20% | Val: Loss nan  Acc(top1) 82.05% | HA 91.21@152

SP-[1] Epoch: 392/1400 | Time: 0m05s (Train 0m05s  Val 0m00s) | Train: LR 0.1  Loss 0.20  Acc 75.12% | Val: Loss nan  Acc(top1) 83.15% | HA 91.21@152

SP-[1] Epoch: 393/1400 | Time: 0m05s (Train 0m05s  Val 0m00s) | Train: LR 0.1  Loss 0.20  Acc 76.80% | Val: Loss nan  Acc(top1) 84.62% | HA 91.21@152

SP-[1] Epoch: 394/1400 | Time: 0m05s (Train 0m05s  Val 0m00s) | Train: LR 0.1  Loss 0.22  Acc 75.00% | Val: Loss nan  Acc(top1) 85.35% | HA 91.21@152

SP-[1] Epoch: 395/1400 | Time: 0m05s (Train 0m05s  Val 0m00s) | Train: LR 0.1  Loss 0.22  Acc 74.04% | Val: Loss nan  Acc(top1) 84.62% | HA 91.21@152

SP-[1] Epoch: 396/1400 | Time: 0m05s (Train 0m05s  Val 0m00s) | Train: LR 0.1  Loss 0.20  Acc 76.20% | Val: Loss nan  Acc(top1) 85.35% | HA 91.21@152

SP-[1] Epoch: 397/1400 | Time: 0m05s (Train 0m05s  Val 0m00s) | Train: LR 0.1  Loss 0.22  Acc 74.16% | Val: Loss nan  Acc(top1) 87.55% | HA 91.21@152

SP-[1] Epoch: 398/1400 | Time: 0m05s (Train 0m05s  Val 0m00s) | Train: LR 0.1  Loss 0.21  Acc 74.64% | Val: Loss nan  Acc(top1) 84.62% | HA 91.21@152

SP-[1] Epoch: 399/1400 | Time: 0m05s (Train 0m05s  Val 0m00s) | Train: LR 0.1  Loss 0.22  Acc 76.56% | Val: Loss nan  Acc(top1) 85.35% | HA 91.21@152

SP-[1] Epoch: 400/1400 | Time: 0m05s (Train 0m05s  Val 0m00s) | Train: LR 0.1  Loss 0.21  Acc 74.28% | Val: Loss nan  Acc(top1) 84.25% | HA 91.21@152

SP-[1] Epoch: 401/1400 | Time: 0m05s (Train 0m05s  Val 0m00s) | Train: LR 0.1  Loss 0.22  Acc 75.12% | Val: Loss nan  Acc(top1) 87.55% | HA 91.21@152

SP-[1] Epoch: 402/1400 | Time: 0m05s (Train 0m05s  Val 0m00s) | Train: LR 0.1  Loss 0.20  Acc 76.08% | Val: Loss nan  Acc(top1) 84.25% | HA 91.21@152

SP-[1] Epoch: 403/1400 | Time: 0m05s (Train 0m05s  Val 0m00s) | Train: LR 0.1  Loss 0.20  Acc 79.21% | Val: Loss nan  Acc(top1) 85.35% | HA 91.21@152

SP-[1] Epoch: 404/1400 | Time: 0m05s (Train 0m05s  Val 0m00s) | Train: LR 0.1  Loss 0.20  Acc 75.72% | Val: Loss nan  Acc(top1) 84.25% | HA 91.21@152

SP-[1] Epoch: 405/1400 | Time: 0m05s (Train 0m05s  Val 0m00s) | Train: LR 0.1  Loss 0.21  Acc 75.72% | Val: Loss nan  Acc(top1) 84.62% | HA 91.21@152

SP-[1] Epoch: 406/1400 | Time: 0m05s (Train 0m05s  Val 0m00s) | Train: LR 0.1  Loss 0.23  Acc 73.80% | Val: Loss nan  Acc(top1) 87.55% | HA 91.21@152

SP-[1] Epoch: 407/1400 | Time: 0m05s (Train 0m05s  Val 0m00s) | Train: LR 0.1  Loss 0.21  Acc 76.68% | Val: Loss nan  Acc(top1) 88.28% | HA 91.21@152

SP-[1] Epoch: 408/1400 | Time: 0m05s (Train 0m05s  Val 0m00s) | Train: LR 0.1  Loss 0.20  Acc 75.12% | Val: Loss nan  Acc(top1) 81.32% | HA 91.21@152

SP-[1] Epoch: 409/1400 | Time: 0m05s (Train 0m05s  Val 0m00s) | Train: LR 0.1  Loss 0.21  Acc 74.64% | Val: Loss nan  Acc(top1) 85.71% | HA 91.21@152

SP-[1] Epoch: 410/1400 | Time: 0m05s (Train 0m05s  Val 0m00s) | Train: LR 0.1  Loss 0.19  Acc 78.61% | Val: Loss nan  Acc(top1) 86.81% | HA 91.21@152

SP-[1] Epoch: 411/1400 | Time: 0m05s (Train 0m05s  Val 0m00s) | Train: LR 0.1  Loss 0.21  Acc 74.40% | Val: Loss nan  Acc(top1) 86.08% | HA 91.21@152

SP-[1] Epoch: 412/1400 | Time: 0m05s (Train 0m05s  Val 0m00s) | Train: LR 0.1  Loss 0.21  Acc 78.49% | Val: Loss nan  Acc(top1) 86.08% | HA 91.21@152

SP-[1] Epoch: 413/1400 | Time: 0m05s (Train 0m05s  Val 0m00s) | Train: LR 0.1  Loss 0.20  Acc 76.44% | Val: Loss nan  Acc(top1) 85.71% | HA 91.21@152

SP-[1] Epoch: 414/1400 | Time: 0m05s (Train 0m05s  Val 0m00s) | Train: LR 0.1  Loss 0.20  Acc 74.04% | Val: Loss nan  Acc(top1) 86.45% | HA 91.21@152

SP-[1] Epoch: 415/1400 | Time: 0m05s (Train 0m05s  Val 0m00s) | Train: LR 0.1  Loss 0.20  Acc 76.32% | Val: Loss nan  Acc(top1) 82.05% | HA 91.21@152

SP-[1] Epoch: 416/1400 | Time: 0m05s (Train 0m05s  Val 0m00s) | Train: LR 0.1  Loss 0.21  Acc 71.88% | Val: Loss nan  Acc(top1) 84.98% | HA 91.21@152

SP-[1] Epoch: 417/1400 | Time: 0m05s (Train 0m05s  Val 0m00s) | Train: LR 0.1  Loss 0.21  Acc 75.72% | Val: Loss nan  Acc(top1) 89.38% | HA 91.21@152

SP-[1] Epoch: 418/1400 | Time: 0m05s (Train 0m05s  Val 0m00s) | Train: LR 0.1  Loss 0.21  Acc 74.28% | Val: Loss nan  Acc(top1) 84.62% | HA 91.21@152

SP-[1] Epoch: 419/1400 | Time: 0m05s (Train 0m05s  Val 0m00s) | Train: LR 0.1  Loss 0.21  Acc 74.52% | Val: Loss nan  Acc(top1) 84.25% | HA 91.21@152

SP-[1] Epoch: 420/1400 | Time: 0m05s (Train 0m05s  Val 0m00s) | Train: LR 0.1  Loss 0.21  Acc 74.16% | Val: Loss nan  Acc(top1) 83.52% | HA 91.21@152

SP-[1] Epoch: 421/1400 | Time: 0m05s (Train 0m05s  Val 0m00s) | Train: LR 0.010000000000000002  Loss 0.21  Acc 77.76% | Val: Loss nan  Acc(top1) 84.98% | HA 91.21@152

SP-[1] Epoch: 422/1400 | Time: 0m05s (Train 0m05s  Val 0m00s) | Train: LR 0.010000000000000002  Loss 0.20  Acc 76.80% | Val: Loss nan  Acc(top1) 84.98% | HA 91.21@152

SP-[1] Epoch: 423/1400 | Time: 0m05s (Train 0m05s  Val 0m00s) | Train: LR 0.010000000000000002  Loss 0.22  Acc 74.64% | Val: Loss nan  Acc(top1) 84.25% | HA 91.21@152

SP-[1] Epoch: 424/1400 | Time: 0m05s (Train 0m05s  Val 0m00s) | Train: LR 0.010000000000000002  Loss 0.19  Acc 76.20% | Val: Loss nan  Acc(top1) 84.25% | HA 91.21@152

SP-[1] Epoch: 425/1400 | Time: 0m05s (Train 0m05s  Val 0m00s) | Train: LR 0.010000000000000002  Loss 0.20  Acc 76.92% | Val: Loss nan  Acc(top1) 84.25% | HA 91.21@152

SP-[1] Epoch: 426/1400 | Time: 0m05s (Train 0m05s  Val 0m00s) | Train: LR 0.010000000000000002  Loss 0.19  Acc 77.04% | Val: Loss nan  Acc(top1) 84.98% | HA 91.21@152

SP-[1] Epoch: 427/1400 | Time: 0m05s (Train 0m05s  Val 0m00s) | Train: LR 0.010000000000000002  Loss 0.21  Acc 73.44% | Val: Loss nan  Acc(top1) 83.88% | HA 91.21@152

SP-[1] Epoch: 428/1400 | Time: 0m05s (Train 0m05s  Val 0m00s) | Train: LR 0.010000000000000002  Loss 0.20  Acc 76.68% | Val: Loss nan  Acc(top1) 84.62% | HA 91.21@152

SP-[1] Epoch: 429/1400 | Time: 0m05s (Train 0m05s  Val 0m00s) | Train: LR 0.010000000000000002  Loss 0.21  Acc 75.96% | Val: Loss nan  Acc(top1) 84.98% | HA 91.21@152

SP-[1] Epoch: 430/1400 | Time: 0m05s (Train 0m05s  Val 0m00s) | Train: LR 0.010000000000000002  Loss 0.21  Acc 77.40% | Val: Loss nan  Acc(top1) 85.35% | HA 91.21@152

SP-[1] Epoch: 431/1400 | Time: 0m05s (Train 0m05s  Val 0m00s) | Train: LR 0.010000000000000002  Loss 0.21  Acc 75.60% | Val: Loss nan  Acc(top1) 85.35% | HA 91.21@152

SP-[1] Epoch: 432/1400 | Time: 0m05s (Train 0m05s  Val 0m00s) | Train: LR 0.010000000000000002  Loss 0.20  Acc 77.28% | Val: Loss nan  Acc(top1) 84.62% | HA 91.21@152

SP-[1] Epoch: 433/1400 | Time: 0m05s (Train 0m05s  Val 0m00s) | Train: LR 0.010000000000000002  Loss 0.20  Acc 75.84% | Val: Loss nan  Acc(top1) 83.88% | HA 91.21@152

SP-[1] Epoch: 434/1400 | Time: 0m05s (Train 0m05s  Val 0m00s) | Train: LR 0.010000000000000002  Loss 0.20  Acc 75.96% | Val: Loss nan  Acc(top1) 83.15% | HA 91.21@152

SP-[1] Epoch: 435/1400 | Time: 0m05s (Train 0m05s  Val 0m00s) | Train: LR 0.010000000000000002  Loss 0.20  Acc 76.68% | Val: Loss nan  Acc(top1) 83.88% | HA 91.21@152

SP-[1] Epoch: 436/1400 | Time: 0m05s (Train 0m05s  Val 0m00s) | Train: LR 0.010000000000000002  Loss 0.20  Acc 78.00% | Val: Loss nan  Acc(top1) 84.25% | HA 91.21@152

SP-[1] Epoch: 437/1400 | Time: 0m05s (Train 0m05s  Val 0m00s) | Train: LR 0.010000000000000002  Loss 0.20  Acc 74.28% | Val: Loss nan  Acc(top1) 85.35% | HA 91.21@152

SP-[1] Epoch: 438/1400 | Time: 0m05s (Train 0m05s  Val 0m00s) | Train: LR 0.010000000000000002  Loss 0.22  Acc 75.12% | Val: Loss nan  Acc(top1) 86.08% | HA 91.21@152

SP-[1] Epoch: 439/1400 | Time: 0m05s (Train 0m05s  Val 0m00s) | Train: LR 0.010000000000000002  Loss 0.21  Acc 73.80% | Val: Loss nan  Acc(top1) 85.35% | HA 91.21@152

SP-[1] Epoch: 440/1400 | Time: 0m05s (Train 0m05s  Val 0m00s) | Train: LR 0.010000000000000002  Loss 0.20  Acc 75.84% | Val: Loss nan  Acc(top1) 84.98% | HA 91.21@152

SP-[1] Epoch: 441/1400 | Time: 0m05s (Train 0m05s  Val 0m00s) | Train: LR 0.010000000000000002  Loss 0.19  Acc 74.40% | Val: Loss nan  Acc(top1) 83.88% | HA 91.21@152

SP-[1] Epoch: 442/1400 | Time: 0m05s (Train 0m05s  Val 0m00s) | Train: LR 0.010000000000000002  Loss 0.21  Acc 76.92% | Val: Loss nan  Acc(top1) 84.98% | HA 91.21@152

SP-[1] Epoch: 443/1400 | Time: 0m05s (Train 0m05s  Val 0m00s) | Train: LR 0.010000000000000002  Loss 0.19  Acc 77.64% | Val: Loss nan  Acc(top1) 84.62% | HA 91.21@152

SP-[1] Epoch: 444/1400 | Time: 0m05s (Train 0m05s  Val 0m00s) | Train: LR 0.010000000000000002  Loss 0.20  Acc 76.32% | Val: Loss nan  Acc(top1) 84.25% | HA 91.21@152

SP-[1] Epoch: 445/1400 | Time: 0m05s (Train 0m05s  Val 0m00s) | Train: LR 0.010000000000000002  Loss 0.20  Acc 75.72% | Val: Loss nan  Acc(top1) 83.88% | HA 91.21@152

SP-[1] Epoch: 446/1400 | Time: 0m05s (Train 0m05s  Val 0m00s) | Train: LR 0.010000000000000002  Loss 0.20  Acc 74.64% | Val: Loss nan  Acc(top1) 84.62% | HA 91.21@152

SP-[1] Epoch: 447/1400 | Time: 0m05s (Train 0m05s  Val 0m00s) | Train: LR 0.010000000000000002  Loss 0.21  Acc 77.28% | Val: Loss nan  Acc(top1) 84.62% | HA 91.21@152

SP-[1] Epoch: 448/1400 | Time: 0m05s (Train 0m05s  Val 0m00s) | Train: LR 0.010000000000000002  Loss 0.21  Acc 76.68% | Val: Loss nan  Acc(top1) 85.71% | HA 91.21@152

SP-[1] Epoch: 449/1400 | Time: 0m05s (Train 0m05s  Val 0m00s) | Train: LR 0.010000000000000002  Loss 0.22  Acc 71.27% | Val: Loss nan  Acc(top1) 84.98% | HA 91.21@152

SP-[1] Epoch: 450/1400 | Time: 0m05s (Train 0m05s  Val 0m00s) | Train: LR 0.010000000000000002  Loss 0.22  Acc 74.40% | Val: Loss nan  Acc(top1) 84.62% | HA 91.21@152

SP-[1] Epoch: 451/1400 | Time: 0m05s (Train 0m05s  Val 0m00s) | Train: LR 0.010000000000000002  Loss 0.20  Acc 76.32% | Val: Loss nan  Acc(top1) 84.98% | HA 91.21@152

SP-[1] Epoch: 452/1400 | Time: 0m05s (Train 0m05s  Val 0m00s) | Train: LR 0.010000000000000002  Loss 0.21  Acc 74.64% | Val: Loss nan  Acc(top1) 86.81% | HA 91.21@152

SP-[1] Epoch: 453/1400 | Time: 0m05s (Train 0m05s  Val 0m00s) | Train: LR 0.010000000000000002  Loss 0.20  Acc 76.80% | Val: Loss nan  Acc(top1) 86.81% | HA 91.21@152

SP-[1] Epoch: 454/1400 | Time: 0m05s (Train 0m05s  Val 0m00s) | Train: LR 0.010000000000000002  Loss 0.20  Acc 74.88% | Val: Loss nan  Acc(top1) 85.71% | HA 91.21@152

SP-[1] Epoch: 455/1400 | Time: 0m05s (Train 0m05s  Val 0m00s) | Train: LR 0.010000000000000002  Loss 0.22  Acc 70.79% | Val: Loss nan  Acc(top1) 85.71% | HA 91.21@152

SP-[1] Epoch: 456/1400 | Time: 0m05s (Train 0m05s  Val 0m00s) | Train: LR 0.010000000000000002  Loss 0.20  Acc 75.36% | Val: Loss nan  Acc(top1) 84.98% | HA 91.21@152

SP-[1] Epoch: 457/1400 | Time: 0m05s (Train 0m05s  Val 0m00s) | Train: LR 0.010000000000000002  Loss 0.20  Acc 77.52% | Val: Loss nan  Acc(top1) 85.35% | HA 91.21@152

SP-[1] Epoch: 458/1400 | Time: 0m05s (Train 0m05s  Val 0m00s) | Train: LR 0.010000000000000002  Loss 0.20  Acc 77.52% | Val: Loss nan  Acc(top1) 86.81% | HA 91.21@152

SP-[1] Epoch: 459/1400 | Time: 0m05s (Train 0m05s  Val 0m00s) | Train: LR 0.010000000000000002  Loss 0.21  Acc 79.33% | Val: Loss nan  Acc(top1) 84.98% | HA 91.21@152

SP-[1] Epoch: 460/1400 | Time: 0m05s (Train 0m05s  Val 0m00s) | Train: LR 0.010000000000000002  Loss 0.21  Acc 72.36% | Val: Loss nan  Acc(top1) 84.25% | HA 91.21@152

SP-[1] Epoch: 461/1400 | Time: 0m05s (Train 0m05s  Val 0m00s) | Train: LR 0.010000000000000002  Loss 0.22  Acc 75.60% | Val: Loss nan  Acc(top1) 84.98% | HA 91.21@152

SP-[1] Epoch: 462/1400 | Time: 0m05s (Train 0m05s  Val 0m00s) | Train: LR 0.010000000000000002  Loss 0.20  Acc 75.24% | Val: Loss nan  Acc(top1) 86.08% | HA 91.21@152

SP-[1] Epoch: 463/1400 | Time: 0m05s (Train 0m05s  Val 0m00s) | Train: LR 0.010000000000000002  Loss 0.21  Acc 74.16% | Val: Loss nan  Acc(top1) 83.88% | HA 91.21@152

SP-[1] Epoch: 464/1400 | Time: 0m05s (Train 0m05s  Val 0m00s) | Train: LR 0.010000000000000002  Loss 0.19  Acc 76.80% | Val: Loss nan  Acc(top1) 83.52% | HA 91.21@152

SP-[1] Epoch: 465/1400 | Time: 0m05s (Train 0m05s  Val 0m00s) | Train: LR 0.010000000000000002  Loss 0.20  Acc 75.72% | Val: Loss nan  Acc(top1) 84.98% | HA 91.21@152

SP-[1] Epoch: 466/1400 | Time: 0m05s (Train 0m05s  Val 0m00s) | Train: LR 0.010000000000000002  Loss 0.20  Acc 74.16% | Val: Loss nan  Acc(top1) 84.98% | HA 91.21@152

SP-[1] Epoch: 467/1400 | Time: 0m05s (Train 0m05s  Val 0m00s) | Train: LR 0.010000000000000002  Loss 0.21  Acc 74.16% | Val: Loss nan  Acc(top1) 84.62% | HA 91.21@152

SP-[1] Epoch: 468/1400 | Time: 0m05s (Train 0m05s  Val 0m00s) | Train: LR 0.010000000000000002  Loss 0.20  Acc 77.28% | Val: Loss nan  Acc(top1) 85.71% | HA 91.21@152

SP-[1] Epoch: 469/1400 | Time: 0m05s (Train 0m05s  Val 0m00s) | Train: LR 0.010000000000000002  Loss 0.20  Acc 76.32% | Val: Loss nan  Acc(top1) 84.98% | HA 91.21@152

SP-[1] Epoch: 470/1400 | Time: 0m05s (Train 0m05s  Val 0m00s) | Train: LR 0.010000000000000002  Loss 0.21  Acc 74.16% | Val: Loss nan  Acc(top1) 84.62% | HA 91.21@152

SP-[1] Epoch: 471/1400 | Time: 0m05s (Train 0m05s  Val 0m00s) | Train: LR 0.010000000000000002  Loss 0.21  Acc 78.73% | Val: Loss nan  Acc(top1) 84.62% | HA 91.21@152

SP-[1] Epoch: 472/1400 | Time: 0m05s (Train 0m05s  Val 0m00s) | Train: LR 0.010000000000000002  Loss 0.19  Acc 73.68% | Val: Loss nan  Acc(top1) 85.35% | HA 91.21@152

SP-[1] Epoch: 473/1400 | Time: 0m05s (Train 0m05s  Val 0m00s) | Train: LR 0.010000000000000002  Loss 0.20  Acc 77.28% | Val: Loss nan  Acc(top1) 84.98% | HA 91.21@152

SP-[1] Epoch: 474/1400 | Time: 0m05s (Train 0m05s  Val 0m00s) | Train: LR 0.010000000000000002  Loss 0.22  Acc 75.72% | Val: Loss nan  Acc(top1) 85.35% | HA 91.21@152

SP-[1] Epoch: 475/1400 | Time: 0m05s (Train 0m05s  Val 0m00s) | Train: LR 0.010000000000000002  Loss 0.21  Acc 76.08% | Val: Loss nan  Acc(top1) 86.45% | HA 91.21@152

SP-[1] Epoch: 476/1400 | Time: 0m05s (Train 0m05s  Val 0m00s) | Train: LR 0.010000000000000002  Loss 0.21  Acc 75.00% | Val: Loss nan  Acc(top1) 85.71% | HA 91.21@152

SP-[1] Epoch: 477/1400 | Time: 0m05s (Train 0m05s  Val 0m00s) | Train: LR 0.010000000000000002  Loss 0.20  Acc 77.52% | Val: Loss nan  Acc(top1) 84.62% | HA 91.21@152

SP-[1] Epoch: 478/1400 | Time: 0m05s (Train 0m05s  Val 0m00s) | Train: LR 0.010000000000000002  Loss 0.19  Acc 75.36% | Val: Loss nan  Acc(top1) 85.71% | HA 91.21@152

SP-[1] Epoch: 479/1400 | Time: 0m05s (Train 0m05s  Val 0m00s) | Train: LR 0.010000000000000002  Loss 0.20  Acc 75.36% | Val: Loss nan  Acc(top1) 84.98% | HA 91.21@152

SP-[1] Epoch: 480/1400 | Time: 0m05s (Train 0m05s  Val 0m00s) | Train: LR 0.010000000000000002  Loss 0.19  Acc 75.72% | Val: Loss nan  Acc(top1) 84.98% | HA 91.21@152

SP-[1] Epoch: 481/1400 | Time: 0m05s (Train 0m05s  Val 0m00s) | Train: LR 0.010000000000000002  Loss 0.20  Acc 77.40% | Val: Loss nan  Acc(top1) 85.35% | HA 91.21@152

SP-[1] Epoch: 482/1400 | Time: 0m05s (Train 0m05s  Val 0m00s) | Train: LR 0.010000000000000002  Loss 0.18  Acc 77.16% | Val: Loss nan  Acc(top1) 87.91% | HA 91.21@152

SP-[1] Epoch: 483/1400 | Time: 0m05s (Train 0m05s  Val 0m00s) | Train: LR 0.010000000000000002  Loss 0.21  Acc 75.00% | Val: Loss nan  Acc(top1) 84.98% | HA 91.21@152

SP-[1] Epoch: 484/1400 | Time: 0m05s (Train 0m05s  Val 0m00s) | Train: LR 0.010000000000000002  Loss 0.20  Acc 76.32% | Val: Loss nan  Acc(top1) 85.35% | HA 91.21@152

SP-[1] Epoch: 485/1400 | Time: 0m05s (Train 0m05s  Val 0m00s) | Train: LR 0.010000000000000002  Loss 0.21  Acc 76.20% | Val: Loss nan  Acc(top1) 83.88% | HA 91.21@152

SP-[1] Epoch: 486/1400 | Time: 0m05s (Train 0m05s  Val 0m00s) | Train: LR 0.010000000000000002  Loss 0.20  Acc 75.72% | Val: Loss nan  Acc(top1) 84.62% | HA 91.21@152

SP-[1] Epoch: 487/1400 | Time: 0m05s (Train 0m05s  Val 0m00s) | Train: LR 0.010000000000000002  Loss 0.21  Acc 74.52% | Val: Loss nan  Acc(top1) 86.08% | HA 91.21@152

SP-[1] Epoch: 488/1400 | Time: 0m05s (Train 0m05s  Val 0m00s) | Train: LR 0.010000000000000002  Loss 0.21  Acc 76.32% | Val: Loss nan  Acc(top1) 86.81% | HA 91.21@152

SP-[1] Epoch: 489/1400 | Time: 0m05s (Train 0m05s  Val 0m00s) | Train: LR 0.010000000000000002  Loss 0.18  Acc 77.52% | Val: Loss nan  Acc(top1) 84.98% | HA 91.21@152

SP-[1] Epoch: 490/1400 | Time: 0m05s (Train 0m05s  Val 0m00s) | Train: LR 0.010000000000000002  Loss 0.19  Acc 75.24% | Val: Loss nan  Acc(top1) 84.98% | HA 91.21@152

SP-[1] Epoch: 491/1400 | Time: 0m05s (Train 0m05s  Val 0m00s) | Train: LR 0.010000000000000002  Loss 0.21  Acc 77.16% | Val: Loss nan  Acc(top1) 84.98% | HA 91.21@152

SP-[1] Epoch: 492/1400 | Time: 0m05s (Train 0m05s  Val 0m00s) | Train: LR 0.010000000000000002  Loss 0.19  Acc 77.28% | Val: Loss nan  Acc(top1) 85.71% | HA 91.21@152

SP-[1] Epoch: 493/1400 | Time: 0m05s (Train 0m05s  Val 0m00s) | Train: LR 0.010000000000000002  Loss 0.19  Acc 76.68% | Val: Loss nan  Acc(top1) 84.62% | HA 91.21@152

SP-[1] Epoch: 494/1400 | Time: 0m05s (Train 0m05s  Val 0m00s) | Train: LR 0.010000000000000002  Loss 0.20  Acc 75.12% | Val: Loss nan  Acc(top1) 84.98% | HA 91.21@152

SP-[1] Epoch: 495/1400 | Time: 0m05s (Train 0m05s  Val 0m00s) | Train: LR 0.010000000000000002  Loss 0.19  Acc 75.84% | Val: Loss nan  Acc(top1) 84.98% | HA 91.21@152

SP-[1] Epoch: 496/1400 | Time: 0m05s (Train 0m05s  Val 0m00s) | Train: LR 0.010000000000000002  Loss 0.21  Acc 73.44% | Val: Loss nan  Acc(top1) 84.62% | HA 91.21@152

SP-[1] Epoch: 497/1400 | Time: 0m05s (Train 0m05s  Val 0m00s) | Train: LR 0.010000000000000002  Loss 0.22  Acc 76.20% | Val: Loss nan  Acc(top1) 85.71% | HA 91.21@152

SP-[1] Epoch: 498/1400 | Time: 0m05s (Train 0m05s  Val 0m00s) | Train: LR 0.010000000000000002  Loss 0.21  Acc 74.28% | Val: Loss nan  Acc(top1) 86.08% | HA 91.21@152

SP-[1] Epoch: 499/1400 | Time: 0m05s (Train 0m05s  Val 0m00s) | Train: LR 0.010000000000000002  Loss 0.20  Acc 74.28% | Val: Loss nan  Acc(top1) 84.98% | HA 91.21@152

SP-[1] Epoch: 500/1400 | Time: 0m05s (Train 0m05s  Val 0m00s) | Train: LR 0.010000000000000002  Loss 0.20  Acc 74.28% | Val: Loss nan  Acc(top1) 85.35% | HA 91.21@152

SP-[1] Epoch: 501/1400 | Time: 0m05s (Train 0m05s  Val 0m00s) | Train: LR 0.010000000000000002  Loss 0.20  Acc 75.84% | Val: Loss nan  Acc(top1) 86.81% | HA 91.21@152

SP-[1] Epoch: 502/1400 | Time: 0m05s (Train 0m05s  Val 0m00s) | Train: LR 0.010000000000000002  Loss 0.20  Acc 76.32% | Val: Loss nan  Acc(top1) 84.62% | HA 91.21@152

SP-[1] Epoch: 503/1400 | Time: 0m05s (Train 0m05s  Val 0m00s) | Train: LR 0.010000000000000002  Loss 0.20  Acc 74.28% | Val: Loss nan  Acc(top1) 84.62% | HA 91.21@152

SP-[1] Epoch: 504/1400 | Time: 0m05s (Train 0m05s  Val 0m00s) | Train: LR 0.010000000000000002  Loss 0.20  Acc 74.88% | Val: Loss nan  Acc(top1) 86.45% | HA 91.21@152

SP-[1] Epoch: 505/1400 | Time: 0m05s (Train 0m05s  Val 0m00s) | Train: LR 0.010000000000000002  Loss 0.20  Acc 74.04% | Val: Loss nan  Acc(top1) 85.35% | HA 91.21@152

SP-[1] Epoch: 506/1400 | Time: 0m05s (Train 0m05s  Val 0m00s) | Train: LR 0.010000000000000002  Loss 0.20  Acc 76.32% | Val: Loss nan  Acc(top1) 85.35% | HA 91.21@152

SP-[1] Epoch: 507/1400 | Time: 0m05s (Train 0m05s  Val 0m00s) | Train: LR 0.010000000000000002  Loss 0.21  Acc 72.96% | Val: Loss nan  Acc(top1) 87.91% | HA 91.21@152

SP-[1] Epoch: 508/1400 | Time: 0m05s (Train 0m05s  Val 0m00s) | Train: LR 0.010000000000000002  Loss 0.20  Acc 74.76% | Val: Loss nan  Acc(top1) 87.55% | HA 91.21@152

SP-[1] Epoch: 509/1400 | Time: 0m05s (Train 0m05s  Val 0m00s) | Train: LR 0.010000000000000002  Loss 0.21  Acc 74.04% | Val: Loss nan  Acc(top1) 86.81% | HA 91.21@152

SP-[1] Epoch: 510/1400 | Time: 0m05s (Train 0m05s  Val 0m00s) | Train: LR 0.010000000000000002  Loss 0.21  Acc 76.80% | Val: Loss nan  Acc(top1) 85.35% | HA 91.21@152

SP-[1] Epoch: 511/1400 | Time: 0m05s (Train 0m05s  Val 0m00s) | Train: LR 0.010000000000000002  Loss 0.19  Acc 77.16% | Val: Loss nan  Acc(top1) 85.35% | HA 91.21@152

SP-[1] Epoch: 512/1400 | Time: 0m05s (Train 0m05s  Val 0m00s) | Train: LR 0.010000000000000002  Loss 0.21  Acc 74.16% | Val: Loss nan  Acc(top1) 85.71% | HA 91.21@152

SP-[1] Epoch: 513/1400 | Time: 0m05s (Train 0m05s  Val 0m00s) | Train: LR 0.010000000000000002  Loss 0.21  Acc 74.40% | Val: Loss nan  Acc(top1) 84.98% | HA 91.21@152

SP-[1] Epoch: 514/1400 | Time: 0m05s (Train 0m05s  Val 0m00s) | Train: LR 0.010000000000000002  Loss 0.20  Acc 74.52% | Val: Loss nan  Acc(top1) 84.62% | HA 91.21@152

SP-[1] Epoch: 515/1400 | Time: 0m05s (Train 0m05s  Val 0m00s) | Train: LR 0.010000000000000002  Loss 0.20  Acc 75.60% | Val: Loss nan  Acc(top1) 85.71% | HA 91.21@152

SP-[1] Epoch: 516/1400 | Time: 0m05s (Train 0m05s  Val 0m00s) | Train: LR 0.010000000000000002  Loss 0.21  Acc 74.04% | Val: Loss nan  Acc(top1) 86.45% | HA 91.21@152

SP-[1] Epoch: 517/1400 | Time: 0m05s (Train 0m05s  Val 0m00s) | Train: LR 0.010000000000000002  Loss 0.21  Acc 77.16% | Val: Loss nan  Acc(top1) 86.45% | HA 91.21@152

SP-[1] Epoch: 518/1400 | Time: 0m05s (Train 0m05s  Val 0m00s) | Train: LR 0.010000000000000002  Loss 0.18  Acc 78.37% | Val: Loss nan  Acc(top1) 85.71% | HA 91.21@152

SP-[1] Epoch: 519/1400 | Time: 0m05s (Train 0m05s  Val 0m00s) | Train: LR 0.010000000000000002  Loss 0.22  Acc 75.84% | Val: Loss nan  Acc(top1) 87.55% | HA 91.21@152

SP-[1] Epoch: 520/1400 | Time: 0m05s (Train 0m05s  Val 0m00s) | Train: LR 0.010000000000000002  Loss 0.21  Acc 76.80% | Val: Loss nan  Acc(top1) 86.81% | HA 91.21@152

SP-[1] Epoch: 521/1400 | Time: 0m05s (Train 0m05s  Val 0m00s) | Train: LR 0.010000000000000002  Loss 0.22  Acc 75.36% | Val: Loss nan  Acc(top1) 86.81% | HA 91.21@152

SP-[1] Epoch: 522/1400 | Time: 0m05s (Train 0m05s  Val 0m00s) | Train: LR 0.010000000000000002  Loss 0.19  Acc 78.49% | Val: Loss nan  Acc(top1) 86.45% | HA 91.21@152

SP-[1] Epoch: 523/1400 | Time: 0m05s (Train 0m05s  Val 0m00s) | Train: LR 0.010000000000000002  Loss 0.21  Acc 73.92% | Val: Loss nan  Acc(top1) 85.71% | HA 91.21@152

SP-[1] Epoch: 524/1400 | Time: 0m05s (Train 0m05s  Val 0m00s) | Train: LR 0.010000000000000002  Loss 0.21  Acc 75.12% | Val: Loss nan  Acc(top1) 86.81% | HA 91.21@152

SP-[1] Epoch: 525/1400 | Time: 0m05s (Train 0m05s  Val 0m00s) | Train: LR 0.010000000000000002  Loss 0.20  Acc 74.16% | Val: Loss nan  Acc(top1) 86.81% | HA 91.21@152

SP-[1] Epoch: 526/1400 | Time: 0m05s (Train 0m05s  Val 0m00s) | Train: LR 0.010000000000000002  Loss 0.21  Acc 74.64% | Val: Loss nan  Acc(top1) 85.71% | HA 91.21@152

SP-[1] Epoch: 527/1400 | Time: 0m05s (Train 0m05s  Val 0m00s) | Train: LR 0.010000000000000002  Loss 0.21  Acc 74.88% | Val: Loss nan  Acc(top1) 86.08% | HA 91.21@152

SP-[1] Epoch: 528/1400 | Time: 0m05s (Train 0m05s  Val 0m00s) | Train: LR 0.010000000000000002  Loss 0.18  Acc 78.12% | Val: Loss nan  Acc(top1) 86.45% | HA 91.21@152

SP-[1] Epoch: 529/1400 | Time: 0m05s (Train 0m05s  Val 0m00s) | Train: LR 0.010000000000000002  Loss 0.20  Acc 75.96% | Val: Loss nan  Acc(top1) 87.18% | HA 91.21@152

SP-[1] Epoch: 530/1400 | Time: 0m05s (Train 0m05s  Val 0m00s) | Train: LR 0.010000000000000002  Loss 0.20  Acc 78.25% | Val: Loss nan  Acc(top1) 86.45% | HA 91.21@152

SP-[1] Epoch: 531/1400 | Time: 0m05s (Train 0m05s  Val 0m00s) | Train: LR 0.010000000000000002  Loss 0.19  Acc 76.80% | Val: Loss nan  Acc(top1) 86.81% | HA 91.21@152

SP-[1] Epoch: 532/1400 | Time: 0m05s (Train 0m05s  Val 0m00s) | Train: LR 0.010000000000000002  Loss 0.20  Acc 75.72% | Val: Loss nan  Acc(top1) 87.18% | HA 91.21@152

SP-[1] Epoch: 533/1400 | Time: 0m05s (Train 0m05s  Val 0m00s) | Train: LR 0.010000000000000002  Loss 0.20  Acc 77.16% | Val: Loss nan  Acc(top1) 86.45% | HA 91.21@152

SP-[1] Epoch: 534/1400 | Time: 0m05s (Train 0m05s  Val 0m00s) | Train: LR 0.010000000000000002  Loss 0.18  Acc 78.97% | Val: Loss nan  Acc(top1) 87.55% | HA 91.21@152

SP-[1] Epoch: 535/1400 | Time: 0m05s (Train 0m05s  Val 0m00s) | Train: LR 0.010000000000000002  Loss 0.19  Acc 76.32% | Val: Loss nan  Acc(top1) 87.55% | HA 91.21@152

SP-[1] Epoch: 536/1400 | Time: 0m05s (Train 0m05s  Val 0m00s) | Train: LR 0.010000000000000002  Loss 0.19  Acc 73.44% | Val: Loss nan  Acc(top1) 87.55% | HA 91.21@152

SP-[1] Epoch: 537/1400 | Time: 0m05s (Train 0m05s  Val 0m00s) | Train: LR 0.010000000000000002  Loss 0.20  Acc 77.52% | Val: Loss nan  Acc(top1) 86.08% | HA 91.21@152

SP-[1] Epoch: 538/1400 | Time: 0m05s (Train 0m05s  Val 0m00s) | Train: LR 0.010000000000000002  Loss 0.19  Acc 75.24% | Val: Loss nan  Acc(top1) 86.81% | HA 91.21@152

SP-[1] Epoch: 539/1400 | Time: 0m05s (Train 0m05s  Val 0m00s) | Train: LR 0.010000000000000002  Loss 0.18  Acc 80.29% | Val: Loss nan  Acc(top1) 86.45% | HA 91.21@152

SP-[1] Epoch: 540/1400 | Time: 0m05s (Train 0m05s  Val 0m00s) | Train: LR 0.010000000000000002  Loss 0.20  Acc 76.44% | Val: Loss nan  Acc(top1) 84.98% | HA 91.21@152

SP-[1] Epoch: 541/1400 | Time: 0m05s (Train 0m05s  Val 0m00s) | Train: LR 0.010000000000000002  Loss 0.22  Acc 76.56% | Val: Loss nan  Acc(top1) 86.08% | HA 91.21@152

SP-[1] Epoch: 542/1400 | Time: 0m05s (Train 0m05s  Val 0m00s) | Train: LR 0.010000000000000002  Loss 0.20  Acc 75.84% | Val: Loss nan  Acc(top1) 86.81% | HA 91.21@152

SP-[1] Epoch: 543/1400 | Time: 0m05s (Train 0m05s  Val 0m00s) | Train: LR 0.010000000000000002  Loss 0.19  Acc 75.96% | Val: Loss nan  Acc(top1) 84.98% | HA 91.21@152

SP-[1] Epoch: 544/1400 | Time: 0m05s (Train 0m05s  Val 0m00s) | Train: LR 0.010000000000000002  Loss 0.21  Acc 74.64% | Val: Loss nan  Acc(top1) 84.25% | HA 91.21@152

SP-[1] Epoch: 545/1400 | Time: 0m05s (Train 0m05s  Val 0m00s) | Train: LR 0.010000000000000002  Loss 0.20  Acc 73.20% | Val: Loss nan  Acc(top1) 86.45% | HA 91.21@152

SP-[1] Epoch: 546/1400 | Time: 0m05s (Train 0m05s  Val 0m00s) | Train: LR 0.010000000000000002  Loss 0.20  Acc 76.80% | Val: Loss nan  Acc(top1) 85.35% | HA 91.21@152

SP-[1] Epoch: 547/1400 | Time: 0m05s (Train 0m05s  Val 0m00s) | Train: LR 0.010000000000000002  Loss 0.22  Acc 77.04% | Val: Loss nan  Acc(top1) 86.81% | HA 91.21@152

SP-[1] Epoch: 548/1400 | Time: 0m05s (Train 0m05s  Val 0m00s) | Train: LR 0.010000000000000002  Loss 0.19  Acc 76.20% | Val: Loss nan  Acc(top1) 85.35% | HA 91.21@152

SP-[1] Epoch: 549/1400 | Time: 0m05s (Train 0m05s  Val 0m00s) | Train: LR 0.010000000000000002  Loss 0.22  Acc 74.28% | Val: Loss nan  Acc(top1) 86.45% | HA 91.21@152

SP-[1] Epoch: 550/1400 | Time: 0m05s (Train 0m05s  Val 0m00s) | Train: LR 0.010000000000000002  Loss 0.21  Acc 75.60% | Val: Loss nan  Acc(top1) 86.08% | HA 91.21@152

SP-[1] Epoch: 551/1400 | Time: 0m05s (Train 0m05s  Val 0m00s) | Train: LR 0.010000000000000002  Loss 0.19  Acc 76.44% | Val: Loss nan  Acc(top1) 85.71% | HA 91.21@152

SP-[1] Epoch: 552/1400 | Time: 0m05s (Train 0m05s  Val 0m00s) | Train: LR 0.010000000000000002  Loss 0.21  Acc 73.32% | Val: Loss nan  Acc(top1) 86.45% | HA 91.21@152

SP-[1] Epoch: 553/1400 | Time: 0m05s (Train 0m05s  Val 0m00s) | Train: LR 0.010000000000000002  Loss 0.20  Acc 78.00% | Val: Loss nan  Acc(top1) 86.45% | HA 91.21@152

SP-[1] Epoch: 554/1400 | Time: 0m05s (Train 0m05s  Val 0m00s) | Train: LR 0.010000000000000002  Loss 0.21  Acc 73.08% | Val: Loss nan  Acc(top1) 84.25% | HA 91.21@152

SP-[1] Epoch: 555/1400 | Time: 0m05s (Train 0m05s  Val 0m00s) | Train: LR 0.010000000000000002  Loss 0.21  Acc 76.44% | Val: Loss nan  Acc(top1) 87.18% | HA 91.21@152

SP-[1] Epoch: 556/1400 | Time: 0m05s (Train 0m05s  Val 0m00s) | Train: LR 0.010000000000000002  Loss 0.20  Acc 76.68% | Val: Loss nan  Acc(top1) 86.81% | HA 91.21@152

SP-[1] Epoch: 557/1400 | Time: 0m05s (Train 0m05s  Val 0m00s) | Train: LR 0.010000000000000002  Loss 0.20  Acc 78.73% | Val: Loss nan  Acc(top1) 86.45% | HA 91.21@152

SP-[1] Epoch: 558/1400 | Time: 0m05s (Train 0m05s  Val 0m00s) | Train: LR 0.010000000000000002  Loss 0.20  Acc 76.80% | Val: Loss nan  Acc(top1) 87.55% | HA 91.21@152

SP-[1] Epoch: 559/1400 | Time: 0m05s (Train 0m05s  Val 0m00s) | Train: LR 0.010000000000000002  Loss 0.20  Acc 77.76% | Val: Loss nan  Acc(top1) 87.91% | HA 91.21@152

SP-[1] Epoch: 560/1400 | Time: 0m05s (Train 0m05s  Val 0m00s) | Train: LR 0.010000000000000002  Loss 0.18  Acc 76.56% | Val: Loss nan  Acc(top1) 87.55% | HA 91.21@152

SP-[1] Epoch: 561/1400 | Time: 0m05s (Train 0m05s  Val 0m00s) | Train: LR 0.010000000000000002  Loss 0.20  Acc 77.04% | Val: Loss nan  Acc(top1) 87.18% | HA 91.21@152

SP-[1] Epoch: 562/1400 | Time: 0m05s (Train 0m05s  Val 0m00s) | Train: LR 0.010000000000000002  Loss 0.20  Acc 76.08% | Val: Loss nan  Acc(top1) 87.55% | HA 91.21@152

SP-[1] Epoch: 563/1400 | Time: 0m05s (Train 0m05s  Val 0m00s) | Train: LR 0.010000000000000002  Loss 0.20  Acc 78.37% | Val: Loss nan  Acc(top1) 87.18% | HA 91.21@152

SP-[1] Epoch: 564/1400 | Time: 0m05s (Train 0m05s  Val 0m00s) | Train: LR 0.010000000000000002  Loss 0.19  Acc 76.68% | Val: Loss nan  Acc(top1) 87.18% | HA 91.21@152

SP-[1] Epoch: 565/1400 | Time: 0m05s (Train 0m05s  Val 0m00s) | Train: LR 0.010000000000000002  Loss 0.19  Acc 76.32% | Val: Loss nan  Acc(top1) 86.08% | HA 91.21@152

SP-[1] Epoch: 566/1400 | Time: 0m05s (Train 0m05s  Val 0m00s) | Train: LR 0.010000000000000002  Loss 0.20  Acc 76.08% | Val: Loss nan  Acc(top1) 86.08% | HA 91.21@152

SP-[1] Epoch: 567/1400 | Time: 0m05s (Train 0m05s  Val 0m00s) | Train: LR 0.010000000000000002  Loss 0.18  Acc 79.09% | Val: Loss nan  Acc(top1) 84.98% | HA 91.21@152

SP-[1] Epoch: 568/1400 | Time: 0m05s (Train 0m05s  Val 0m00s) | Train: LR 0.010000000000000002  Loss 0.22  Acc 73.32% | Val: Loss nan  Acc(top1) 84.98% | HA 91.21@152

SP-[1] Epoch: 569/1400 | Time: 0m05s (Train 0m05s  Val 0m00s) | Train: LR 0.010000000000000002  Loss 0.19  Acc 79.21% | Val: Loss nan  Acc(top1) 87.18% | HA 91.21@152

SP-[1] Epoch: 570/1400 | Time: 0m05s (Train 0m05s  Val 0m00s) | Train: LR 0.010000000000000002  Loss 0.20  Acc 76.32% | Val: Loss nan  Acc(top1) 87.18% | HA 91.21@152

SP-[1] Epoch: 571/1400 | Time: 0m05s (Train 0m05s  Val 0m00s) | Train: LR 0.010000000000000002  Loss 0.19  Acc 77.40% | Val: Loss nan  Acc(top1) 87.18% | HA 91.21@152

SP-[1] Epoch: 572/1400 | Time: 0m05s (Train 0m05s  Val 0m00s) | Train: LR 0.010000000000000002  Loss 0.20  Acc 76.32% | Val: Loss nan  Acc(top1) 87.55% | HA 91.21@152

SP-[1] Epoch: 573/1400 | Time: 0m05s (Train 0m05s  Val 0m00s) | Train: LR 0.010000000000000002  Loss 0.18  Acc 75.96% | Val: Loss nan  Acc(top1) 87.18% | HA 91.21@152

SP-[1] Epoch: 574/1400 | Time: 0m05s (Train 0m05s  Val 0m00s) | Train: LR 0.010000000000000002  Loss 0.19  Acc 74.16% | Val: Loss nan  Acc(top1) 87.18% | HA 91.21@152

SP-[1] Epoch: 575/1400 | Time: 0m05s (Train 0m05s  Val 0m00s) | Train: LR 0.010000000000000002  Loss 0.21  Acc 76.68% | Val: Loss nan  Acc(top1) 86.81% | HA 91.21@152

SP-[1] Epoch: 576/1400 | Time: 0m05s (Train 0m05s  Val 0m00s) | Train: LR 0.010000000000000002  Loss 0.20  Acc 77.04% | Val: Loss nan  Acc(top1) 87.18% | HA 91.21@152

SP-[1] Epoch: 577/1400 | Time: 0m05s (Train 0m05s  Val 0m00s) | Train: LR 0.010000000000000002  Loss 0.20  Acc 74.64% | Val: Loss nan  Acc(top1) 86.81% | HA 91.21@152

SP-[1] Epoch: 578/1400 | Time: 0m05s (Train 0m05s  Val 0m00s) | Train: LR 0.010000000000000002  Loss 0.21  Acc 74.76% | Val: Loss nan  Acc(top1) 87.18% | HA 91.21@152

SP-[1] Epoch: 579/1400 | Time: 0m05s (Train 0m05s  Val 0m00s) | Train: LR 0.010000000000000002  Loss 0.20  Acc 75.24% | Val: Loss nan  Acc(top1) 86.08% | HA 91.21@152

SP-[1] Epoch: 580/1400 | Time: 0m05s (Train 0m05s  Val 0m00s) | Train: LR 0.010000000000000002  Loss 0.20  Acc 76.92% | Val: Loss nan  Acc(top1) 87.55% | HA 91.21@152

SP-[1] Epoch: 581/1400 | Time: 0m05s (Train 0m05s  Val 0m00s) | Train: LR 0.010000000000000002  Loss 0.21  Acc 72.36% | Val: Loss nan  Acc(top1) 86.45% | HA 91.21@152

SP-[1] Epoch: 582/1400 | Time: 0m05s (Train 0m05s  Val 0m00s) | Train: LR 0.010000000000000002  Loss 0.18  Acc 76.20% | Val: Loss nan  Acc(top1) 85.71% | HA 91.21@152

SP-[1] Epoch: 583/1400 | Time: 0m05s (Train 0m05s  Val 0m00s) | Train: LR 0.010000000000000002  Loss 0.20  Acc 77.76% | Val: Loss nan  Acc(top1) 85.71% | HA 91.21@152

SP-[1] Epoch: 584/1400 | Time: 0m05s (Train 0m05s  Val 0m00s) | Train: LR 0.010000000000000002  Loss 0.20  Acc 76.08% | Val: Loss nan  Acc(top1) 86.81% | HA 91.21@152

SP-[1] Epoch: 585/1400 | Time: 0m05s (Train 0m05s  Val 0m00s) | Train: LR 0.010000000000000002  Loss 0.20  Acc 77.76% | Val: Loss nan  Acc(top1) 86.08% | HA 91.21@152

SP-[1] Epoch: 586/1400 | Time: 0m05s (Train 0m05s  Val 0m00s) | Train: LR 0.010000000000000002  Loss 0.20  Acc 75.24% | Val: Loss nan  Acc(top1) 85.71% | HA 91.21@152

SP-[1] Epoch: 587/1400 | Time: 0m05s (Train 0m05s  Val 0m00s) | Train: LR 0.010000000000000002  Loss 0.20  Acc 77.88% | Val: Loss nan  Acc(top1) 85.71% | HA 91.21@152

SP-[1] Epoch: 588/1400 | Time: 0m05s (Train 0m05s  Val 0m00s) | Train: LR 0.010000000000000002  Loss 0.19  Acc 75.72% | Val: Loss nan  Acc(top1) 84.62% | HA 91.21@152

SP-[1] Epoch: 589/1400 | Time: 0m05s (Train 0m05s  Val 0m00s) | Train: LR 0.010000000000000002  Loss 0.20  Acc 77.40% | Val: Loss nan  Acc(top1) 84.62% | HA 91.21@152

SP-[1] Epoch: 590/1400 | Time: 0m05s (Train 0m05s  Val 0m00s) | Train: LR 0.010000000000000002  Loss 0.19  Acc 79.81% | Val: Loss nan  Acc(top1) 86.45% | HA 91.21@152

SP-[1] Epoch: 591/1400 | Time: 0m05s (Train 0m05s  Val 0m00s) | Train: LR 0.010000000000000002  Loss 0.20  Acc 77.40% | Val: Loss nan  Acc(top1) 85.71% | HA 91.21@152

SP-[1] Epoch: 592/1400 | Time: 0m05s (Train 0m05s  Val 0m00s) | Train: LR 0.010000000000000002  Loss 0.21  Acc 76.56% | Val: Loss nan  Acc(top1) 84.98% | HA 91.21@152

SP-[1] Epoch: 593/1400 | Time: 0m05s (Train 0m05s  Val 0m00s) | Train: LR 0.010000000000000002  Loss 0.20  Acc 75.36% | Val: Loss nan  Acc(top1) 85.71% | HA 91.21@152

SP-[1] Epoch: 594/1400 | Time: 0m05s (Train 0m05s  Val 0m00s) | Train: LR 0.010000000000000002  Loss 0.20  Acc 76.44% | Val: Loss nan  Acc(top1) 87.18% | HA 91.21@152

SP-[1] Epoch: 595/1400 | Time: 0m05s (Train 0m05s  Val 0m00s) | Train: LR 0.010000000000000002  Loss 0.20  Acc 75.00% | Val: Loss nan  Acc(top1) 87.18% | HA 91.21@152

SP-[1] Epoch: 596/1400 | Time: 0m05s (Train 0m05s  Val 0m00s) | Train: LR 0.010000000000000002  Loss 0.20  Acc 77.52% | Val: Loss nan  Acc(top1) 87.55% | HA 91.21@152

SP-[1] Epoch: 597/1400 | Time: 0m05s (Train 0m05s  Val 0m00s) | Train: LR 0.010000000000000002  Loss 0.19  Acc 75.96% | Val: Loss nan  Acc(top1) 86.81% | HA 91.21@152

SP-[1] Epoch: 598/1400 | Time: 0m05s (Train 0m05s  Val 0m00s) | Train: LR 0.010000000000000002  Loss 0.20  Acc 76.56% | Val: Loss nan  Acc(top1) 86.45% | HA 91.21@152

